Папка: /opt/test/aaazzzzz_020725, 2025-07-02 18:40:45
  Файл: /opt/test/aaazzzzz_020725/aaaaazzz_020725.az, 2025-07-02 18:40:45, 3Kb
  Файл: /opt/test/aaazzzzz_020725/aaaaaaaaaaazzzzzzz_020725.az, 2025-07-02 18:40:45, 3Kb
  Файл: /opt/test/aaazzzzz_020725/aaaaaaaaaazzzzzzzzzz_020725.az, 2025-07-02 18:40:45, 3Kb
  Файл: /opt/test/aaazzzzz_020725/aaaaz_020725.az, 2025-07-02 18:40:45, 3Kb
  Файл: /opt/test/aaazzzzz_020725/aaaaaaaaazzzzzzz_020725.az, 2025-07-02 18:40:45, 3Kb
Папка: /opt/test/aaaazzzzzzzz_020725, 2025-07-02 18:40:45
  Файл: /opt/test/aaaazzzzzzzz_020725/aaaaaaaaazzzzzzz_020725.az, 2025-07-02 18:40:45, 3Kb
  Файл: /opt/test/aaaazzzzzzzz_020725/aaaaaaazzzzzz_020725.az, 2025-07-02 18:40:45, 3Kb
  Файл: /opt/test/aaaazzzzzzzz_020725/aaaazzzzz_020725.az, 2025-07-02 18:40:45, 3Kb
  Файл: /opt/test/aaaazzzzzzzz_020725/aaaaaaaazzzzzzzz_020725.az, 2025-07-02 18:40:45, 3Kb
  Файл: /opt/test/aaaazzzzzzzz_020725/aaazzz_020725.az, 2025-07-02 18:40:45, 3Kb
Папка: /opt/test/aaaazzzzzz_020725, 2025-07-02 18:40:45
  Файл: /opt/test/aaaazzzzzz_020725/aaaaaaaaazzzzzz_020725.az, 2025-07-02 18:40:45, 3Kb
  Файл: /opt/test/aaaazzzzzz_020725/aaaazzzzzz_020725.az, 2025-07-02 18:40:45, 3Kb
  Файл: /opt/test/aaaazzzzzz_020725/aaaaaaaaaaaazzzzzz_020725.az, 2025-07-02 18:40:45, 3Kb
  Файл: /opt/test/aaaazzzzzz_020725/aaaaaazzzzzzzz_020725.az, 2025-07-02 18:40:45, 3Kb
  Файл: /opt/test/aaaazzzzzz_020725/aaazzz_020725.az, 2025-07-02 18:40:45, 3Kb
Папка: /opt/test/aazz_020725, 2025-07-02 18:40:45
  Файл: /opt/test/aazz_020725/azzz_020725.az, 2025-07-02 18:40:45, 3Kb
  Файл: /opt/test/aazz_020725/aaaaaaaaaaazzzzz_020725.az, 2025-07-02 18:40:45, 3Kb
  Файл: /opt/test/aazz_020725/aaaazzzz_020725.az, 2025-07-02 18:40:45, 3Kb
  Файл: /opt/test/aazz_020725/aaaaazzzzzzzzz_020725.az, 2025-07-02 18:40:45, 3Kb
  Файл: /opt/test/aazz_020725/aaaaaaaaazzzzzzzz_020725.az, 2025-07-02 18:40:45, 3Kb
