Папка: /tmp/.font-unix/ddddddddddsdssssss_020725 2025-07-02 18:42:16
  Файл: /tmp/.font-unix/ddddddddddsdssssss_020725/ddddsdssss_020725.sd, 2025-07-02 18:42:16, 10Mb
  Файл: /tmp/.font-unix/ddddddddddsdssssss_020725/dddsdss_020725.sd, 2025-07-02 18:42:16, 10Mb
  Файл: /tmp/.font-unix/ddddddddddsdssssss_020725/sdsssss_020725.sd, 2025-07-02 18:42:16, 10Mb
  Файл: /tmp/.font-unix/ddddddddddsdssssss_020725/ddddddddsdsssssss_020725.sd, 2025-07-02 18:42:16, 10Mb
  Файл: /tmp/.font-unix/ddddddddddsdssssss_020725/dddddsdssssssssss_020725.sd, 2025-07-02 18:42:16, 10Mb
  Файл: /tmp/.font-unix/ddddddddddsdssssss_020725/ddddsdss_020725.sd, 2025-07-02 18:42:16, 10Mb
  Файл: /tmp/.font-unix/ddddddddddsdssssss_020725/dsdss_020725.sd, 2025-07-02 18:42:16, 10Mb
  Файл: /tmp/.font-unix/ddddddddddsdssssss_020725/ddddddsdssssssssss_020725.sd, 2025-07-02 18:42:16, 10Mb
  Файл: /tmp/.font-unix/ddddddddddsdssssss_020725/ddddddddddddsdssssss_020725.sd, 2025-07-02 18:42:16, 10Mb
  Файл: /tmp/.font-unix/ddddddddddsdssssss_020725/ddddddsdssssssssssss_020725.sd, 2025-07-02 18:42:16, 10Mb
  Файл: /tmp/.font-unix/ddddddddddsdssssss_020725/ddddddsdsss_020725.sd, 2025-07-02 18:42:16, 10Mb
  Файл: /tmp/.font-unix/ddddddddddsdssssss_020725/dddsd_020725.sd, 2025-07-02 18:42:16, 10Mb
  Файл: /tmp/.font-unix/ddddddddddsdssssss_020725/ddddsdsssssssss_020725.sd, 2025-07-02 18:42:16, 10Mb
  Файл: /tmp/.font-unix/ddddddddddsdssssss_020725/ddddddsdsssss_020725.sd, 2025-07-02 18:42:16, 10Mb
  Файл: /tmp/.font-unix/ddddddddddsdssssss_020725/dddddddsdssssssssss_020725.sd, 2025-07-02 18:42:16, 10Mb
  Файл: /tmp/.font-unix/ddddddddddsdssssss_020725/ddddsdsssss_020725.sd, 2025-07-02 18:42:16, 10Mb
  Файл: /tmp/.font-unix/ddddddddddsdssssss_020725/ddddddddsdssss_020725.sd, 2025-07-02 18:42:16, 10Mb
  Файл: /tmp/.font-unix/ddddddddddsdssssss_020725/dddddddsdssssssss_020725.sd, 2025-07-02 18:42:16, 10Mb
  Файл: /tmp/.font-unix/ddddddddddsdssssss_020725/dddddddddddsdsssssss_020725.sd, 2025-07-02 18:42:16, 10Mb
  Файл: /tmp/.font-unix/ddddddddddsdssssss_020725/ddddddddsdsssss_020725.sd, 2025-07-02 18:42:16, 10Mb
  Файл: /tmp/.font-unix/ddddddddddsdssssss_020725/ddddddsdsssss_020725.sd, 2025-07-02 18:42:16, 10Mb
  Файл: /tmp/.font-unix/ddddddddddsdssssss_020725/ddddsdss_020725.sd, 2025-07-02 18:42:16, 10Mb
  Файл: /tmp/.font-unix/ddddddddddsdssssss_020725/dddddsdsss_020725.sd, 2025-07-02 18:42:16, 10Mb
  Файл: /tmp/.font-unix/ddddddddddsdssssss_020725/ddddsdssss_020725.sd, 2025-07-02 18:42:16, 10Mb
  Файл: /tmp/.font-unix/ddddddddddsdssssss_020725/ddsdsss_020725.sd, 2025-07-02 18:42:16, 10Mb
  Файл: /tmp/.font-unix/ddddddddddsdssssss_020725/dddddsdssssss_020725.sd, 2025-07-02 18:42:16, 10Mb
  Файл: /tmp/.font-unix/ddddddddddsdssssss_020725/ddddsdssssssss_020725.sd, 2025-07-02 18:42:16, 10Mb
  Файл: /tmp/.font-unix/ddddddddddsdssssss_020725/dddddsdss_020725.sd, 2025-07-02 18:42:16, 10Mb
  Файл: /tmp/.font-unix/ddddddddddsdssssss_020725/dddddddddddsdsssss_020725.sd, 2025-07-02 18:42:16, 10Mb
  Файл: /tmp/.font-unix/ddddddddddsdssssss_020725/dddddsdsssssssss_020725.sd, 2025-07-02 18:42:16, 10Mb
  Файл: /tmp/.font-unix/ddddddddddsdssssss_020725/ddddsdsssssss_020725.sd, 2025-07-02 18:42:16, 10Mb
  Файл: /tmp/.font-unix/ddddddddddsdssssss_020725/dddddddsdsssss_020725.sd, 2025-07-02 18:42:16, 10Mb
  Файл: /tmp/.font-unix/ddddddddddsdssssss_020725/dddddddddddsdsss_020725.sd, 2025-07-02 18:42:16, 10Mb
  Файл: /tmp/.font-unix/ddddddddddsdssssss_020725/dddddddsdsssss_020725.sd, 2025-07-02 18:42:16, 10Mb
  Файл: /tmp/.font-unix/ddddddddddsdssssss_020725/dddddddddsdsssssss_020725.sd, 2025-07-02 18:42:16, 10Mb
  Файл: /tmp/.font-unix/ddddddddddsdssssss_020725/dddddddsdsssssssssss_020725.sd, 2025-07-02 18:42:16, 10Mb
  Файл: /tmp/.font-unix/ddddddddddsdssssss_020725/ddddddsdsssssssss_020725.sd, 2025-07-02 18:42:16, 10Mb
  Файл: /tmp/.font-unix/ddddddddddsdssssss_020725/ddddddsdssssssssss_020725.sd, 2025-07-02 18:42:16, 10Mb
  Файл: /tmp/.font-unix/ddddddddddsdssssss_020725/ddddddsdssssss_020725.sd, 2025-07-02 18:42:16, 10Mb
  Файл: /tmp/.font-unix/ddddddddddsdssssss_020725/ddddddsdssssss_020725.sd, 2025-07-02 18:42:16, 10Mb
  Файл: /tmp/.font-unix/ddddddddddsdssssss_020725/ddsdssss_020725.sd, 2025-07-02 18:42:16, 10Mb
  Файл: /tmp/.font-unix/ddddddddddsdssssss_020725/ddddddsdssssss_020725.sd, 2025-07-02 18:42:16, 10Mb
  Файл: /tmp/.font-unix/ddddddddddsdssssss_020725/ddsdss_020725.sd, 2025-07-02 18:42:16, 10Mb
  Файл: /tmp/.font-unix/ddddddddddsdssssss_020725/ddddsdssssss_020725.sd, 2025-07-02 18:42:16, 10Mb
  Файл: /tmp/.font-unix/ddddddddddsdssssss_020725/dddddddddddsdssssss_020725.sd, 2025-07-02 18:42:16, 10Mb
  Файл: /tmp/.font-unix/ddddddddddsdssssss_020725/ddddddddsdsssssss_020725.sd, 2025-07-02 18:42:16, 10Mb
  Файл: /tmp/.font-unix/ddddddddddsdssssss_020725/ddddddddsdssssss_020725.sd, 2025-07-02 18:42:16, 10Mb
  Файл: /tmp/.font-unix/ddddddddddsdssssss_020725/ddsdsss_020725.sd, 2025-07-02 18:42:16, 10Mb
  Файл: /tmp/.font-unix/ddddddddddsdssssss_020725/dddddddddsdssss_020725.sd, 2025-07-02 18:42:16, 10Mb
  Файл: /tmp/.font-unix/ddddddddddsdssssss_020725/dsdssss_020725.sd, 2025-07-02 18:42:16, 10Mb
  Файл: /tmp/.font-unix/ddddddddddsdssssss_020725/dddddddddddsdssssss_020725.sd, 2025-07-02 18:42:16, 10Mb
  Файл: /tmp/.font-unix/ddddddddddsdssssss_020725/ddsdsss_020725.sd, 2025-07-02 18:42:16, 10Mb
  Файл: /tmp/.font-unix/ddddddddddsdssssss_020725/dddddsdsssssss_020725.sd, 2025-07-02 18:42:16, 10Mb
  Файл: /tmp/.font-unix/ddddddddddsdssssss_020725/ddddsdss_020725.sd, 2025-07-02 18:42:16, 10Mb
  Файл: /tmp/.font-unix/ddddddddddsdssssss_020725/dddddsdssssss_020725.sd, 2025-07-02 18:42:16, 10Mb
  Файл: /tmp/.font-unix/ddddddddddsdssssss_020725/ddddddddsdssssssss_020725.sd, 2025-07-02 18:42:16, 10Mb
  Файл: /tmp/.font-unix/ddddddddddsdssssss_020725/dddddsdsss_020725.sd, 2025-07-02 18:42:16, 10Mb
  Файл: /tmp/.font-unix/ddddddddddsdssssss_020725/dddddddddsdssssss_020725.sd, 2025-07-02 18:42:16, 10Mb
  Файл: /tmp/.font-unix/ddddddddddsdssssss_020725/ddsdsssssss_020725.sd, 2025-07-02 18:42:16, 10Mb
  Файл: /tmp/.font-unix/ddddddddddsdssssss_020725/ddsdss_020725.sd, 2025-07-02 18:42:16, 10Mb
  Файл: /tmp/.font-unix/ddddddddddsdssssss_020725/dsdss_020725.sd, 2025-07-02 18:42:16, 10Mb
  Файл: /tmp/.font-unix/ddddddddddsdssssss_020725/dddddsdssssssss_020725.sd, 2025-07-02 18:42:16, 10Mb
  Файл: /tmp/.font-unix/ddddddddddsdssssss_020725/dddddddsdsss_020725.sd, 2025-07-02 18:42:16, 10Mb
  Файл: /tmp/.font-unix/ddddddddddsdssssss_020725/ddddsdssssssss_020725.sd, 2025-07-02 18:42:16, 10Mb
  Файл: /tmp/.font-unix/ddddddddddsdssssss_020725/ddddddsdsssssssssss_020725.sd, 2025-07-02 18:42:16, 10Mb
  Файл: /tmp/.font-unix/ddddddddddsdssssss_020725/ddddddddsdssssss_020725.sd, 2025-07-02 18:42:16, 10Mb
  Файл: /tmp/.font-unix/ddddddddddsdssssss_020725/ddddddddddsdssss_020725.sd, 2025-07-02 18:42:16, 10Mb
  Файл: /tmp/.font-unix/ddddddddddsdssssss_020725/ddddddddddsdssssssss_020725.sd, 2025-07-02 18:42:16, 10Mb
  Файл: /tmp/.font-unix/ddddddddddsdssssss_020725/dsdsss_020725.sd, 2025-07-02 18:42:16, 10Mb
  Файл: /tmp/.font-unix/ddddddddddsdssssss_020725/dddsdssssss_020725.sd, 2025-07-02 18:42:16, 10Mb
  Файл: /tmp/.font-unix/ddddddddddsdssssss_020725/dddddsdssssss_020725.sd, 2025-07-02 18:42:16, 10Mb
  Файл: /tmp/.font-unix/ddddddddddsdssssss_020725/dddddddsdssss_020725.sd, 2025-07-02 18:42:16, 10Mb
  Файл: /tmp/.font-unix/ddddddddddsdssssss_020725/dddsdsss_020725.sd, 2025-07-02 18:42:16, 10Mb
  Файл: /tmp/.font-unix/ddddddddddsdssssss_020725/ddddsdsss_020725.sd, 2025-07-02 18:42:16, 10Mb
  Файл: /tmp/.font-unix/ddddddddddsdssssss_020725/ddddsd_020725.sd, 2025-07-02 18:42:16, 10Mb
  Файл: /tmp/.font-unix/ddddddddddsdssssss_020725/ddddsdsss_020725.sd, 2025-07-02 18:42:16, 10Mb
  Файл: /tmp/.font-unix/ddddddddddsdssssss_020725/ddddddddsdsssssss_020725.sd, 2025-07-02 18:42:16, 10Mb
  Файл: /tmp/.font-unix/ddddddddddsdssssss_020725/dddddsdssss_020725.sd, 2025-07-02 18:42:16, 10Mb
  Файл: /tmp/.font-unix/ddddddddddsdssssss_020725/ddsdss_020725.sd, 2025-07-02 18:42:16, 10Mb
  Файл: /tmp/.font-unix/ddddddddddsdssssss_020725/ddddddsdssss_020725.sd, 2025-07-02 18:42:16, 10Mb
  Файл: /tmp/.font-unix/ddddddddddsdssssss_020725/dddsdss_020725.sd, 2025-07-02 18:42:16, 10Mb
  Файл: /tmp/.font-unix/ddddddddddsdssssss_020725/ddddddddsdssss_020725.sd, 2025-07-02 18:42:16, 10Mb
  Файл: /tmp/.font-unix/ddddddddddsdssssss_020725/dddsdssssss_020725.sd, 2025-07-02 18:42:16, 10Mb
  Файл: /tmp/.font-unix/ddddddddddsdssssss_020725/ddsdss_020725.sd, 2025-07-02 18:42:16, 10Mb
  Файл: /tmp/.font-unix/ddddddddddsdssssss_020725/dddddddddsdsssssssss_020725.sd, 2025-07-02 18:42:16, 10Mb
  Файл: /tmp/.font-unix/ddddddddddsdssssss_020725/ddsdsss_020725.sd, 2025-07-02 18:42:16, 10Mb
  Файл: /tmp/.font-unix/ddddddddddsdssssss_020725/dddsdss_020725.sd, 2025-07-02 18:42:16, 10Mb
  Файл: /tmp/.font-unix/ddddddddddsdssssss_020725/dddddddsdsssssssss_020725.sd, 2025-07-02 18:42:16, 10Mb
  Файл: /tmp/.font-unix/ddddddddddsdssssss_020725/dddsdsssss_020725.sd, 2025-07-02 18:42:16, 10Mb
  Файл: /tmp/.font-unix/ddddddddddsdssssss_020725/ddddsdsssssss_020725.sd, 2025-07-02 18:42:16, 10Mb
  Файл: /tmp/.font-unix/ddddddddddsdssssss_020725/ddddsdssss_020725.sd, 2025-07-02 18:42:16, 10Mb
  Файл: /tmp/.font-unix/ddddddddddsdssssss_020725/ddddddddsdsssssssss_020725.sd, 2025-07-02 18:42:16, 10Mb
  Файл: /tmp/.font-unix/ddddddddddsdssssss_020725/dsdsss_020725.sd, 2025-07-02 18:42:16, 10Mb
Папка: /tmp/.font-unix/dddddddsdssssssss_020725 2025-07-02 18:42:16
  Файл: /tmp/.font-unix/dddddddsdssssssss_020725/sdsssss_020725.sd, 2025-07-02 18:42:16, 10Mb
  Файл: /tmp/.font-unix/dddddddsdssssssss_020725/dddsdssssss_020725.sd, 2025-07-02 18:42:16, 10Mb
  Файл: /tmp/.font-unix/dddddddsdssssssss_020725/dddddddsdssssssssss_020725.sd, 2025-07-02 18:42:16, 10Mb
  Файл: /tmp/.font-unix/dddddddsdssssssss_020725/ddddsdssssssss_020725.sd, 2025-07-02 18:42:16, 10Mb
  Файл: /tmp/.font-unix/dddddddsdssssssss_020725/ddddddsdsssss_020725.sd, 2025-07-02 18:42:16, 10Mb
  Файл: /tmp/.font-unix/dddddddsdssssssss_020725/ddddsdsss_020725.sd, 2025-07-02 18:42:16, 10Mb
  Файл: /tmp/.font-unix/dddddddsdssssssss_020725/ddddddddsdssss_020725.sd, 2025-07-02 18:42:16, 10Mb
  Файл: /tmp/.font-unix/dddddddsdssssssss_020725/dddddsdsssssss_020725.sd, 2025-07-02 18:42:16, 10Mb
  Файл: /tmp/.font-unix/dddddddsdssssssss_020725/ddsdsssss_020725.sd, 2025-07-02 18:42:16, 10Mb
  Файл: /tmp/.font-unix/dddddddsdssssssss_020725/ddddsds_020725.sd, 2025-07-02 18:42:16, 10Mb
  Файл: /tmp/.font-unix/dddddddsdssssssss_020725/dddddddddddsdssss_020725.sd, 2025-07-02 18:42:16, 10Mb
Папка: /tmp/.font-unix/dddddddddsdsssssssss_020725 2025-07-02 18:42:16
  Файл: /tmp/.font-unix/dddddddddsdsssssssss_020725/dsdss_020725.sd, 2025-07-02 18:42:16, 10Mb
  Файл: /tmp/.font-unix/dddddddddsdsssssssss_020725/dddsds_020725.sd, 2025-07-02 18:42:16, 10Mb
  Файл: /tmp/.font-unix/dddddddddsdsssssssss_020725/dddddddsdssssss_020725.sd, 2025-07-02 18:42:16, 10Mb
  Файл: /tmp/.font-unix/dddddddddsdsssssssss_020725/ddsdssss_020725.sd, 2025-07-02 18:42:16, 10Mb
  Файл: /tmp/.font-unix/dddddddddsdsssssssss_020725/ddddsdsss_020725.sd, 2025-07-02 18:42:16, 10Mb
  Файл: /tmp/.font-unix/dddddddddsdsssssssss_020725/dddddddsdsssssss_020725.sd, 2025-07-02 18:42:16, 10Mb
  Файл: /tmp/.font-unix/dddddddddsdsssssssss_020725/dddsdss_020725.sd, 2025-07-02 18:42:16, 10Mb
  Файл: /tmp/.font-unix/dddddddddsdsssssssss_020725/ddddddsdssssssss_020725.sd, 2025-07-02 18:42:16, 10Mb
  Файл: /tmp/.font-unix/dddddddddsdsssssssss_020725/dddsd_020725.sd, 2025-07-02 18:42:16, 10Mb
  Файл: /tmp/.font-unix/dddddddddsdsssssssss_020725/dddddsdsssss_020725.sd, 2025-07-02 18:42:16, 10Mb
  Файл: /tmp/.font-unix/dddddddddsdsssssssss_020725/ddddsdssssss_020725.sd, 2025-07-02 18:42:16, 10Mb
  Файл: /tmp/.font-unix/dddddddddsdsssssssss_020725/ddddsds_020725.sd, 2025-07-02 18:42:16, 10Mb
  Файл: /tmp/.font-unix/dddddddddsdsssssssss_020725/dddsdss_020725.sd, 2025-07-02 18:42:16, 10Mb
  Файл: /tmp/.font-unix/dddddddddsdsssssssss_020725/dddsdss_020725.sd, 2025-07-02 18:42:16, 10Mb
  Файл: /tmp/.font-unix/dddddddddsdsssssssss_020725/dddsdssssss_020725.sd, 2025-07-02 18:42:16, 10Mb
  Файл: /tmp/.font-unix/dddddddddsdsssssssss_020725/dddsdssss_020725.sd, 2025-07-02 18:42:16, 10Mb
  Файл: /tmp/.font-unix/dddddddddsdsssssssss_020725/dddsds_020725.sd, 2025-07-02 18:42:16, 10Mb
  Файл: /tmp/.font-unix/dddddddddsdsssssssss_020725/dddddsdssssssss_020725.sd, 2025-07-02 18:42:16, 10Mb
Папка: /tmp/.font-unix/dddddddddsdsssssss_020725 2025-07-02 18:42:16
  Файл: /tmp/.font-unix/dddddddddsdsssssss_020725/sdsss_020725.sd, 2025-07-02 18:42:16, 10Mb
  Файл: /tmp/.font-unix/dddddddddsdsssssss_020725/ddsdssssss_020725.sd, 2025-07-02 18:42:16, 10Mb
  Файл: /tmp/.font-unix/dddddddddsdsssssss_020725/dddddddddsdsssssssss_020725.sd, 2025-07-02 18:42:16, 10Mb
  Файл: /tmp/.font-unix/dddddddddsdsssssss_020725/ddddddsdsssssssss_020725.sd, 2025-07-02 18:42:16, 10Mb
  Файл: /tmp/.font-unix/dddddddddsdsssssss_020725/ddddsdss_020725.sd, 2025-07-02 18:42:16, 10Mb
  Файл: /tmp/.font-unix/dddddddddsdsssssss_020725/dddsdss_020725.sd, 2025-07-02 18:42:16, 10Mb
  Файл: /tmp/.font-unix/dddddddddsdsssssss_020725/ddddddddddsdssss_020725.sd, 2025-07-02 18:42:16, 10Mb
  Файл: /tmp/.font-unix/dddddddddsdsssssss_020725/ddddddddddsdsssss_020725.sd, 2025-07-02 18:42:16, 10Mb
  Файл: /tmp/.font-unix/dddddddddsdsssssss_020725/dddddsdsss_020725.sd, 2025-07-02 18:42:16, 10Mb
  Файл: /tmp/.font-unix/dddddddddsdsssssss_020725/dddsdss_020725.sd, 2025-07-02 18:42:16, 10Mb
  Файл: /tmp/.font-unix/dddddddddsdsssssss_020725/ddddsdsssssssssss_020725.sd, 2025-07-02 18:42:16, 10Mb
  Файл: /tmp/.font-unix/dddddddddsdsssssss_020725/ddddsdsssssssss_020725.sd, 2025-07-02 18:42:16, 10Mb
  Файл: /tmp/.font-unix/dddddddddsdsssssss_020725/dddddsdssssssss_020725.sd, 2025-07-02 18:42:16, 10Mb
  Файл: /tmp/.font-unix/dddddddddsdsssssss_020725/ddsdsssss_020725.sd, 2025-07-02 18:42:16, 10Mb
  Файл: /tmp/.font-unix/dddddddddsdsssssss_020725/ddddddsdssss_020725.sd, 2025-07-02 18:42:16, 10Mb
  Файл: /tmp/.font-unix/dddddddddsdsssssss_020725/ddddddddsdsssssss_020725.sd, 2025-07-02 18:42:16, 10Mb
  Файл: /tmp/.font-unix/dddddddddsdsssssss_020725/dddddddddsdsssssssss_020725.sd, 2025-07-02 18:42:16, 10Mb
  Файл: /tmp/.font-unix/dddddddddsdsssssss_020725/ddddsdsss_020725.sd, 2025-07-02 18:42:16, 10Mb
  Файл: /tmp/.font-unix/dddddddddsdsssssss_020725/ddddsdssss_020725.sd, 2025-07-02 18:42:16, 10Mb
  Файл: /tmp/.font-unix/dddddddddsdsssssss_020725/ddsds_020725.sd, 2025-07-02 18:42:16, 10Mb
  Файл: /tmp/.font-unix/dddddddddsdsssssss_020725/dddddddddsdssssss_020725.sd, 2025-07-02 18:42:16, 10Mb
  Файл: /tmp/.font-unix/dddddddddsdsssssss_020725/dsdssss_020725.sd, 2025-07-02 18:42:16, 10Mb
  Файл: /tmp/.font-unix/dddddddddsdsssssss_020725/dddddddddddsdsssss_020725.sd, 2025-07-02 18:42:16, 10Mb
  Файл: /tmp/.font-unix/dddddddddsdsssssss_020725/ddsdssss_020725.sd, 2025-07-02 18:42:16, 10Mb
  Файл: /tmp/.font-unix/dddddddddsdsssssss_020725/ddddddddsdsssssssss_020725.sd, 2025-07-02 18:42:16, 10Mb
  Файл: /tmp/.font-unix/dddddddddsdsssssss_020725/dddsdsssss_020725.sd, 2025-07-02 18:42:16, 10Mb
  Файл: /tmp/.font-unix/dddddddddsdsssssss_020725/dddddddsdsssssssss_020725.sd, 2025-07-02 18:42:16, 10Mb
  Файл: /tmp/.font-unix/dddddddddsdsssssss_020725/ddddddsdsssssss_020725.sd, 2025-07-02 18:42:16, 10Mb
  Файл: /tmp/.font-unix/dddddddddsdsssssss_020725/dddddddddsdssssssss_020725.sd, 2025-07-02 18:42:16, 10Mb
  Файл: /tmp/.font-unix/dddddddddsdsssssss_020725/dddddddddsdsssssss_020725.sd, 2025-07-02 18:42:16, 10Mb
  Файл: /tmp/.font-unix/dddddddddsdsssssss_020725/dddddsdssssssss_020725.sd, 2025-07-02 18:42:16, 10Mb
  Файл: /tmp/.font-unix/dddddddddsdsssssss_020725/dddddsdss_020725.sd, 2025-07-02 18:42:16, 10Mb
  Файл: /tmp/.font-unix/dddddddddsdsssssss_020725/ddddsdsssssss_020725.sd, 2025-07-02 18:42:16, 10Mb
  Файл: /tmp/.font-unix/dddddddddsdsssssss_020725/ddddsdssss_020725.sd, 2025-07-02 18:42:16, 10Mb
  Файл: /tmp/.font-unix/dddddddddsdsssssss_020725/dddddsds_020725.sd, 2025-07-02 18:42:16, 10Mb
  Файл: /tmp/.font-unix/dddddddddsdsssssss_020725/ddsdssssssssss_020725.sd, 2025-07-02 18:42:16, 10Mb
  Файл: /tmp/.font-unix/dddddddddsdsssssss_020725/dddddsdsssssss_020725.sd, 2025-07-02 18:42:16, 10Mb
  Файл: /tmp/.font-unix/dddddddddsdsssssss_020725/ddddddddddsdssssss_020725.sd, 2025-07-02 18:42:16, 10Mb
  Файл: /tmp/.font-unix/dddddddddsdsssssss_020725/ddddsds_020725.sd, 2025-07-02 18:42:16, 10Mb
  Файл: /tmp/.font-unix/dddddddddsdsssssss_020725/dddsd_020725.sd, 2025-07-02 18:42:16, 10Mb
  Файл: /tmp/.font-unix/dddddddddsdsssssss_020725/dddddddddsdssssss_020725.sd, 2025-07-02 18:42:16, 10Mb
  Файл: /tmp/.font-unix/dddddddddsdsssssss_020725/dddddddsdssssss_020725.sd, 2025-07-02 18:42:16, 10Mb
  Файл: /tmp/.font-unix/dddddddddsdsssssss_020725/ddddddsdssssssssssss_020725.sd, 2025-07-02 18:42:16, 10Mb
  Файл: /tmp/.font-unix/dddddddddsdsssssss_020725/dddsdssssssss_020725.sd, 2025-07-02 18:42:16, 10Mb
  Файл: /tmp/.font-unix/dddddddddsdsssssss_020725/dsdssssss_020725.sd, 2025-07-02 18:42:16, 10Mb
  Файл: /tmp/.font-unix/dddddddddsdsssssss_020725/dddddddsdsssssss_020725.sd, 2025-07-02 18:42:16, 10Mb
  Файл: /tmp/.font-unix/dddddddddsdsssssss_020725/ddddddsdsssssss_020725.sd, 2025-07-02 18:42:16, 10Mb
  Файл: /tmp/.font-unix/dddddddddsdsssssss_020725/dddsdssss_020725.sd, 2025-07-02 18:42:16, 10Mb
  Файл: /tmp/.font-unix/dddddddddsdsssssss_020725/dddsdssss_020725.sd, 2025-07-02 18:42:16, 10Mb
  Файл: /tmp/.font-unix/dddddddddsdsssssss_020725/ddddsd_020725.sd, 2025-07-02 18:42:16, 10Mb
  Файл: /tmp/.font-unix/dddddddddsdsssssss_020725/dddddddddsdssssssss_020725.sd, 2025-07-02 18:42:16, 10Mb
  Файл: /tmp/.font-unix/dddddddddsdsssssss_020725/ddddddsdssssss_020725.sd, 2025-07-02 18:42:16, 10Mb
  Файл: /tmp/.font-unix/dddddddddsdsssssss_020725/dsdsss_020725.sd, 2025-07-02 18:42:16, 10Mb
  Файл: /tmp/.font-unix/dddddddddsdsssssss_020725/dddddddsdssssss_020725.sd, 2025-07-02 18:42:16, 10Mb
  Файл: /tmp/.font-unix/dddddddddsdsssssss_020725/dddddsdsssssss_020725.sd, 2025-07-02 18:42:16, 10Mb
  Файл: /tmp/.font-unix/dddddddddsdsssssss_020725/ddddddddddsdsssssss_020725.sd, 2025-07-02 18:42:16, 10Mb
  Файл: /tmp/.font-unix/dddddddddsdsssssss_020725/ddddddsdsssss_020725.sd, 2025-07-02 18:42:16, 10Mb
  Файл: /tmp/.font-unix/dddddddddsdsssssss_020725/dddddddddsdsssssssss_020725.sd, 2025-07-02 18:42:16, 10Mb
  Файл: /tmp/.font-unix/dddddddddsdsssssss_020725/ddsds_020725.sd, 2025-07-02 18:42:16, 10Mb
  Файл: /tmp/.font-unix/dddddddddsdsssssss_020725/ddsdssssss_020725.sd, 2025-07-02 18:42:16, 10Mb
  Файл: /tmp/.font-unix/dddddddddsdsssssss_020725/dddddddsdsss_020725.sd, 2025-07-02 18:42:16, 10Mb
  Файл: /tmp/.font-unix/dddddddddsdsssssss_020725/ddddddsdssssssssssss_020725.sd, 2025-07-02 18:42:16, 10Mb
  Файл: /tmp/.font-unix/dddddddddsdsssssss_020725/ddddddddsdssssssssss_020725.sd, 2025-07-02 18:42:16, 10Mb
  Файл: /tmp/.font-unix/dddddddddsdsssssss_020725/dddddsdssssssss_020725.sd, 2025-07-02 18:42:16, 10Mb
  Файл: /tmp/.font-unix/dddddddddsdsssssss_020725/ddddddddsdsss_020725.sd, 2025-07-02 18:42:16, 10Mb
  Файл: /tmp/.font-unix/dddddddddsdsssssss_020725/ddddddddddddsdsssss_020725.sd, 2025-07-02 18:42:16, 10Mb
  Файл: /tmp/.font-unix/dddddddddsdsssssss_020725/dddddddddsdsssssssss_020725.sd, 2025-07-02 18:42:16, 10Mb
  Файл: /tmp/.font-unix/dddddddddsdsssssss_020725/ddddsdsss_020725.sd, 2025-07-02 18:42:16, 10Mb
  Файл: /tmp/.font-unix/dddddddddsdsssssss_020725/ddddddsdsssssssss_020725.sd, 2025-07-02 18:42:16, 10Mb
  Файл: /tmp/.font-unix/dddddddddsdsssssss_020725/ddsds_020725.sd, 2025-07-02 18:42:16, 10Mb
  Файл: /tmp/.font-unix/dddddddddsdsssssss_020725/ddddddsdsss_020725.sd, 2025-07-02 18:42:16, 10Mb
  Файл: /tmp/.font-unix/dddddddddsdsssssss_020725/ddddddsdsssssss_020725.sd, 2025-07-02 18:42:16, 10Mb
  Файл: /tmp/.font-unix/dddddddddsdsssssss_020725/dsdsss_020725.sd, 2025-07-02 18:42:16, 10Mb
  Файл: /tmp/.font-unix/dddddddddsdsssssss_020725/dddddddsdssssssss_020725.sd, 2025-07-02 18:42:16, 10Mb
  Файл: /tmp/.font-unix/dddddddddsdsssssss_020725/dddddsdssss_020725.sd, 2025-07-02 18:42:16, 10Mb
  Файл: /tmp/.font-unix/dddddddddsdsssssss_020725/dddsdsssssss_020725.sd, 2025-07-02 18:42:16, 10Mb
  Файл: /tmp/.font-unix/dddddddddsdsssssss_020725/dddddddddsdsssssssss_020725.sd, 2025-07-02 18:42:16, 10Mb
  Файл: /tmp/.font-unix/dddddddddsdsssssss_020725/dddddddddsdssssss_020725.sd, 2025-07-02 18:42:16, 10Mb
  Файл: /tmp/.font-unix/dddddddddsdsssssss_020725/dddddddsdssssss_020725.sd, 2025-07-02 18:42:16, 10Mb
  Файл: /tmp/.font-unix/dddddddddsdsssssss_020725/ddddddddsdss_020725.sd, 2025-07-02 18:42:16, 10Mb
Папка: /tmp/.font-unix/ddddddsdsssssssssss_020725 2025-07-02 18:42:16
  Файл: /tmp/.font-unix/ddddddsdsssssssssss_020725/ddddsdssss_020725.sd, 2025-07-02 18:42:16, 10Mb
  Файл: /tmp/.font-unix/ddddddsdsssssssssss_020725/ddddddsdssssssssss_020725.sd, 2025-07-02 18:42:16, 10Mb
  Файл: /tmp/.font-unix/ddddddsdsssssssssss_020725/dsdsssss_020725.sd, 2025-07-02 18:42:16, 10Mb
  Файл: /tmp/.font-unix/ddddddsdsssssssssss_020725/dddddsdssssssssss_020725.sd, 2025-07-02 18:42:16, 10Mb
  Файл: /tmp/.font-unix/ddddddsdsssssssssss_020725/dddsdss_020725.sd, 2025-07-02 18:42:16, 10Mb
  Файл: /tmp/.font-unix/ddddddsdsssssssssss_020725/dddddsdsss_020725.sd, 2025-07-02 18:42:16, 10Mb
  Файл: /tmp/.font-unix/ddddddsdsssssssssss_020725/dddddddsdssssss_020725.sd, 2025-07-02 18:42:16, 10Mb
  Файл: /tmp/.font-unix/ddddddsdsssssssssss_020725/ddddsds_020725.sd, 2025-07-02 18:42:16, 10Mb
  Файл: /tmp/.font-unix/ddddddsdsssssssssss_020725/ddddsds_020725.sd, 2025-07-02 18:42:16, 10Mb
  Файл: /tmp/.font-unix/ddddddsdsssssssssss_020725/ddddddddsdssssssss_020725.sd, 2025-07-02 18:42:16, 10Mb
  Файл: /tmp/.font-unix/ddddddsdsssssssssss_020725/sdsss_020725.sd, 2025-07-02 18:42:16, 10Mb
  Файл: /tmp/.font-unix/ddddddsdsssssssssss_020725/dddddddddsdsssss_020725.sd, 2025-07-02 18:42:16, 10Mb
  Файл: /tmp/.font-unix/ddddddsdsssssssssss_020725/dddddddddsdsss_020725.sd, 2025-07-02 18:42:16, 10Mb
  Файл: /tmp/.font-unix/ddddddsdsssssssssss_020725/dddddddsdssssssss_020725.sd, 2025-07-02 18:42:16, 10Mb
  Файл: /tmp/.font-unix/ddddddsdsssssssssss_020725/ddddddddddsdssssss_020725.sd, 2025-07-02 18:42:16, 10Mb
  Файл: /tmp/.font-unix/ddddddsdsssssssssss_020725/ddsds_020725.sd, 2025-07-02 18:42:16, 10Mb
  Файл: /tmp/.font-unix/ddddddsdsssssssssss_020725/dddsdss_020725.sd, 2025-07-02 18:42:16, 10Mb
  Файл: /tmp/.font-unix/ddddddsdsssssssssss_020725/ddddddsdssssssssssss_020725.sd, 2025-07-02 18:42:16, 10Mb
  Файл: /tmp/.font-unix/ddddddsdsssssssssss_020725/dddsdsss_020725.sd, 2025-07-02 18:42:16, 10Mb
  Файл: /tmp/.font-unix/ddddddsdsssssssssss_020725/dsdssss_020725.sd, 2025-07-02 18:42:16, 10Mb
  Файл: /tmp/.font-unix/ddddddsdsssssssssss_020725/dddddddsdssssssssss_020725.sd, 2025-07-02 18:42:16, 10Mb
  Файл: /tmp/.font-unix/ddddddsdsssssssssss_020725/dddddddsdssssss_020725.sd, 2025-07-02 18:42:16, 10Mb
  Файл: /tmp/.font-unix/ddddddsdsssssssssss_020725/dddddddddsdsssss_020725.sd, 2025-07-02 18:42:16, 10Mb
  Файл: /tmp/.font-unix/ddddddsdsssssssssss_020725/ddddddddsds_020725.sd, 2025-07-02 18:42:16, 10Mb
  Файл: /tmp/.font-unix/ddddddsdsssssssssss_020725/dddsdsss_020725.sd, 2025-07-02 18:42:16, 10Mb
  Файл: /tmp/.font-unix/ddddddsdsssssssssss_020725/dddsds_020725.sd, 2025-07-02 18:42:16, 10Mb
  Файл: /tmp/.font-unix/ddddddsdsssssssssss_020725/dddddddddsdsssssss_020725.sd, 2025-07-02 18:42:16, 10Mb
  Файл: /tmp/.font-unix/ddddddsdsssssssssss_020725/ddsdssss_020725.sd, 2025-07-02 18:42:16, 10Mb
  Файл: /tmp/.font-unix/ddddddsdsssssssssss_020725/dddsdsssss_020725.sd, 2025-07-02 18:42:16, 10Mb
  Файл: /tmp/.font-unix/ddddddsdsssssssssss_020725/sdsss_020725.sd, 2025-07-02 18:42:16, 10Mb
  Файл: /tmp/.font-unix/ddddddsdsssssssssss_020725/dddddddsdsssssss_020725.sd, 2025-07-02 18:42:16, 10Mb
  Файл: /tmp/.font-unix/ddddddsdsssssssssss_020725/dddddddddsdssssssss_020725.sd, 2025-07-02 18:42:16, 10Mb
  Файл: /tmp/.font-unix/ddddddsdsssssssssss_020725/dddsdsss_020725.sd, 2025-07-02 18:42:16, 10Mb
  Файл: /tmp/.font-unix/ddddddsdsssssssssss_020725/ddddddddsdss_020725.sd, 2025-07-02 18:42:16, 10Mb
  Файл: /tmp/.font-unix/ddddddsdsssssssssss_020725/dddddsdsssssss_020725.sd, 2025-07-02 18:42:16, 10Mb
  Файл: /tmp/.font-unix/ddddddsdsssssssssss_020725/ddsdssss_020725.sd, 2025-07-02 18:42:16, 10Mb
  Файл: /tmp/.font-unix/ddddddsdsssssssssss_020725/ddsdss_020725.sd, 2025-07-02 18:42:16, 10Mb
  Файл: /tmp/.font-unix/ddddddsdsssssssssss_020725/dddsd_020725.sd, 2025-07-02 18:42:16, 10Mb
  Файл: /tmp/.font-unix/ddddddsdsssssssssss_020725/dddddsdssss_020725.sd, 2025-07-02 18:42:16, 10Mb
  Файл: /tmp/.font-unix/ddddddsdsssssssssss_020725/dddddddsdsssss_020725.sd, 2025-07-02 18:42:16, 10Mb
  Файл: /tmp/.font-unix/ddddddsdsssssssssss_020725/dddddsdssssssssss_020725.sd, 2025-07-02 18:42:16, 10Mb
  Файл: /tmp/.font-unix/ddddddsdsssssssssss_020725/ddddddsdssssssss_020725.sd, 2025-07-02 18:42:16, 10Mb
  Файл: /tmp/.font-unix/ddddddsdsssssssssss_020725/sdsss_020725.sd, 2025-07-02 18:42:16, 10Mb
  Файл: /tmp/.font-unix/ddddddsdsssssssssss_020725/dsdsss_020725.sd, 2025-07-02 18:42:16, 10Mb
  Файл: /tmp/.font-unix/ddddddsdsssssssssss_020725/dddddsdss_020725.sd, 2025-07-02 18:42:16, 10Mb
  Файл: /tmp/.font-unix/ddddddsdsssssssssss_020725/sdssssss_020725.sd, 2025-07-02 18:42:16, 10Mb
  Файл: /tmp/.font-unix/ddddddsdsssssssssss_020725/ddddsdssssssss_020725.sd, 2025-07-02 18:42:16, 10Mb
  Файл: /tmp/.font-unix/ddddddsdsssssssssss_020725/ddddddsdsssssss_020725.sd, 2025-07-02 18:42:16, 10Mb
  Файл: /tmp/.font-unix/ddddddsdsssssssssss_020725/ddddddddsdsssss_020725.sd, 2025-07-02 18:42:16, 10Mb
  Файл: /tmp/.font-unix/ddddddsdsssssssssss_020725/sdsssss_020725.sd, 2025-07-02 18:42:16, 10Mb
  Файл: /tmp/.font-unix/ddddddsdsssssssssss_020725/dddddddddsdsssssssss_020725.sd, 2025-07-02 18:42:16, 10Mb
  Файл: /tmp/.font-unix/ddddddsdsssssssssss_020725/dddsdssss_020725.sd, 2025-07-02 18:42:16, 10Mb
  Файл: /tmp/.font-unix/ddddddsdsssssssssss_020725/dddsdsssss_020725.sd, 2025-07-02 18:42:16, 10Mb
  Файл: /tmp/.font-unix/ddddddsdsssssssssss_020725/ddsds_020725.sd, 2025-07-02 18:42:16, 10Mb
  Файл: /tmp/.font-unix/ddddddsdsssssssssss_020725/dddddddddddsdssssss_020725.sd, 2025-07-02 18:42:16, 10Mb
  Файл: /tmp/.font-unix/ddddddsdsssssssssss_020725/ddsdsss_020725.sd, 2025-07-02 18:42:16, 10Mb
  Файл: /tmp/.font-unix/ddddddsdsssssssssss_020725/ddddddddsdssss_020725.sd, 2025-07-02 18:42:16, 10Mb
  Файл: /tmp/.font-unix/ddddddsdsssssssssss_020725/dddddsdsssssssss_020725.sd, 2025-07-02 18:42:16, 10Mb
  Файл: /tmp/.font-unix/ddddddsdsssssssssss_020725/ddddddddsdsssssssss_020725.sd, 2025-07-02 18:42:16, 10Mb
  Файл: /tmp/.font-unix/ddddddsdsssssssssss_020725/ddddddddsdssss_020725.sd, 2025-07-02 18:42:16, 10Mb
  Файл: /tmp/.font-unix/ddddddsdsssssssssss_020725/dsdsssss_020725.sd, 2025-07-02 18:42:16, 10Mb
  Файл: /tmp/.font-unix/ddddddsdsssssssssss_020725/dddddsdsssss_020725.sd, 2025-07-02 18:42:16, 10Mb
  Файл: /tmp/.font-unix/ddddddsdsssssssssss_020725/dsdss_020725.sd, 2025-07-02 18:42:16, 10Mb
  Файл: /tmp/.font-unix/ddddddsdsssssssssss_020725/ddddddddddsdsssss_020725.sd, 2025-07-02 18:42:16, 10Mb
  Файл: /tmp/.font-unix/ddddddsdsssssssssss_020725/dddddddddddsdssssss_020725.sd, 2025-07-02 18:42:16, 10Mb
  Файл: /tmp/.font-unix/ddddddsdsssssssssss_020725/ddddddsdssss_020725.sd, 2025-07-02 18:42:16, 10Mb
Папка: /tmp/.font-unix/ddddddddsdssssssssss_020725 2025-07-02 18:42:16
  Файл: /tmp/.font-unix/ddddddddsdssssssssss_020725/ddddsdsss_020725.sd, 2025-07-02 18:42:16, 10Mb
  Файл: /tmp/.font-unix/ddddddddsdssssssssss_020725/dddddddddsdssssss_020725.sd, 2025-07-02 18:42:16, 10Mb
  Файл: /tmp/.font-unix/ddddddddsdssssssssss_020725/ddddddddsdsssssssss_020725.sd, 2025-07-02 18:42:16, 10Mb
  Файл: /tmp/.font-unix/ddddddddsdssssssssss_020725/ddddddddsds_020725.sd, 2025-07-02 18:42:16, 10Mb
  Файл: /tmp/.font-unix/ddddddddsdssssssssss_020725/sdsssssss_020725.sd, 2025-07-02 18:42:16, 10Mb
  Файл: /tmp/.font-unix/ddddddddsdssssssssss_020725/ddddddsdsssssss_020725.sd, 2025-07-02 18:42:16, 10Mb
  Файл: /tmp/.font-unix/ddddddddsdssssssssss_020725/sdsss_020725.sd, 2025-07-02 18:42:16, 10Mb
  Файл: /tmp/.font-unix/ddddddddsdssssssssss_020725/dsdsss_020725.sd, 2025-07-02 18:42:16, 10Mb
  Файл: /tmp/.font-unix/ddddddddsdssssssssss_020725/ddddddddddsdssssss_020725.sd, 2025-07-02 18:42:16, 10Mb
  Файл: /tmp/.font-unix/ddddddddsdssssssssss_020725/ddsdss_020725.sd, 2025-07-02 18:42:16, 10Mb
  Файл: /tmp/.font-unix/ddddddddsdssssssssss_020725/ddddsd_020725.sd, 2025-07-02 18:42:16, 10Mb
  Файл: /tmp/.font-unix/ddddddddsdssssssssss_020725/ddddddsdsssssss_020725.sd, 2025-07-02 18:42:16, 10Mb
  Файл: /tmp/.font-unix/ddddddddsdssssssssss_020725/ddsdssss_020725.sd, 2025-07-02 18:42:16, 10Mb
  Файл: /tmp/.font-unix/ddddddddsdssssssssss_020725/ddsdsssss_020725.sd, 2025-07-02 18:42:16, 10Mb
  Файл: /tmp/.font-unix/ddddddddsdssssssssss_020725/dddsdss_020725.sd, 2025-07-02 18:42:16, 10Mb
  Файл: /tmp/.font-unix/ddddddddsdssssssssss_020725/ddddsdss_020725.sd, 2025-07-02 18:42:16, 10Mb
  Файл: /tmp/.font-unix/ddddddddsdssssssssss_020725/dddddddddsdssssssss_020725.sd, 2025-07-02 18:42:16, 10Mb
  Файл: /tmp/.font-unix/ddddddddsdssssssssss_020725/dddddsdssssssss_020725.sd, 2025-07-02 18:42:16, 10Mb
  Файл: /tmp/.font-unix/ddddddddsdssssssssss_020725/dddddsdsss_020725.sd, 2025-07-02 18:42:16, 10Mb
  Файл: /tmp/.font-unix/ddddddddsdssssssssss_020725/ddddddddddddsdssss_020725.sd, 2025-07-02 18:42:16, 10Mb
  Файл: /tmp/.font-unix/ddddddddsdssssssssss_020725/dddddsdssssss_020725.sd, 2025-07-02 18:42:16, 10Mb
  Файл: /tmp/.font-unix/ddddddddsdssssssssss_020725/ddddddddddsdsssss_020725.sd, 2025-07-02 18:42:16, 10Mb
  Файл: /tmp/.font-unix/ddddddddsdssssssssss_020725/dddsdssssssss_020725.sd, 2025-07-02 18:42:16, 10Mb
Папка: /tmp/.font-unix/dddddddsdssssssss_020725 2025-07-02 18:42:16
  Файл: /tmp/.font-unix/dddddddsdssssssss_020725/dddsdssss_020725.sd, 2025-07-02 18:42:16, 10Mb
  Файл: /tmp/.font-unix/dddddddsdssssssss_020725/ddsds_020725.sd, 2025-07-02 18:42:16, 10Mb
  Файл: /tmp/.font-unix/dddddddsdssssssss_020725/dddddddddsdssssss_020725.sd, 2025-07-02 18:42:16, 10Mb
  Файл: /tmp/.font-unix/dddddddsdssssssss_020725/ddddddsdssss_020725.sd, 2025-07-02 18:42:16, 10Mb
  Файл: /tmp/.font-unix/dddddddsdssssssss_020725/ddddsdssssss_020725.sd, 2025-07-02 18:42:16, 10Mb
  Файл: /tmp/.font-unix/dddddddsdssssssss_020725/ddddddsdssssssss_020725.sd, 2025-07-02 18:42:16, 10Mb
  Файл: /tmp/.font-unix/dddddddsdssssssss_020725/ddddddddddsdssssssss_020725.sd, 2025-07-02 18:42:16, 10Mb
  Файл: /tmp/.font-unix/dddddddsdssssssss_020725/ddsds_020725.sd, 2025-07-02 18:42:16, 10Mb
  Файл: /tmp/.font-unix/dddddddsdssssssss_020725/ddddsdssssssssss_020725.sd, 2025-07-02 18:42:16, 10Mb
  Файл: /tmp/.font-unix/dddddddsdssssssss_020725/dddsdsssssss_020725.sd, 2025-07-02 18:42:16, 10Mb
  Файл: /tmp/.font-unix/dddddddsdssssssss_020725/dddsds_020725.sd, 2025-07-02 18:42:16, 10Mb
  Файл: /tmp/.font-unix/dddddddsdssssssss_020725/ddddsdsssss_020725.sd, 2025-07-02 18:42:16, 10Mb
  Файл: /tmp/.font-unix/dddddddsdssssssss_020725/ddddddddsdsssssssss_020725.sd, 2025-07-02 18:42:16, 10Mb
  Файл: /tmp/.font-unix/dddddddsdssssssss_020725/dddddddddddddsdsss_020725.sd, 2025-07-02 18:42:16, 10Mb
  Файл: /tmp/.font-unix/dddddddsdssssssss_020725/dddsdsss_020725.sd, 2025-07-02 18:42:16, 10Mb
  Файл: /tmp/.font-unix/dddddddsdssssssss_020725/dddddddsdsssssssssss_020725.sd, 2025-07-02 18:42:16, 10Mb
  Файл: /tmp/.font-unix/dddddddsdssssssss_020725/ddddddddddsdssssssss_020725.sd, 2025-07-02 18:42:16, 10Mb
  Файл: /tmp/.font-unix/dddddddsdssssssss_020725/dddddsdssssss_020725.sd, 2025-07-02 18:42:16, 10Mb
  Файл: /tmp/.font-unix/dddddddsdssssssss_020725/dddddddsdsssssss_020725.sd, 2025-07-02 18:42:16, 10Mb
  Файл: /tmp/.font-unix/dddddddsdssssssss_020725/dddddsdsssssssss_020725.sd, 2025-07-02 18:42:16, 10Mb
  Файл: /tmp/.font-unix/dddddddsdssssssss_020725/dddddsdsss_020725.sd, 2025-07-02 18:42:16, 10Mb
  Файл: /tmp/.font-unix/dddddddsdssssssss_020725/dddddsdssssssss_020725.sd, 2025-07-02 18:42:16, 10Mb
  Файл: /tmp/.font-unix/dddddddsdssssssss_020725/dsdsssss_020725.sd, 2025-07-02 18:42:16, 10Mb
  Файл: /tmp/.font-unix/dddddddsdssssssss_020725/dddddsdssssssss_020725.sd, 2025-07-02 18:42:16, 10Mb
  Файл: /tmp/.font-unix/dddddddsdssssssss_020725/ddddddsdsssssssssss_020725.sd, 2025-07-02 18:42:16, 10Mb
  Файл: /tmp/.font-unix/dddddddsdssssssss_020725/dsdsss_020725.sd, 2025-07-02 18:42:16, 10Mb
  Файл: /tmp/.font-unix/dddddddsdssssssss_020725/dsdss_020725.sd, 2025-07-02 18:42:16, 10Mb
  Файл: /tmp/.font-unix/dddddddsdssssssss_020725/ddddddsdsssss_020725.sd, 2025-07-02 18:42:16, 10Mb
  Файл: /tmp/.font-unix/dddddddsdssssssss_020725/dddddsdssss_020725.sd, 2025-07-02 18:42:17, 10Mb
  Файл: /tmp/.font-unix/dddddddsdssssssss_020725/ddsdsssss_020725.sd, 2025-07-02 18:42:17, 10Mb
  Файл: /tmp/.font-unix/dddddddsdssssssss_020725/dddddddddsdsssssssss_020725.sd, 2025-07-02 18:42:17, 10Mb
  Файл: /tmp/.font-unix/dddddddsdssssssss_020725/ddsds_020725.sd, 2025-07-02 18:42:17, 10Mb
  Файл: /tmp/.font-unix/dddddddsdssssssss_020725/ddddsdssss_020725.sd, 2025-07-02 18:42:17, 10Mb
  Файл: /tmp/.font-unix/dddddddsdssssssss_020725/dddddsdsssss_020725.sd, 2025-07-02 18:42:17, 10Mb
  Файл: /tmp/.font-unix/dddddddsdssssssss_020725/dsdss_020725.sd, 2025-07-02 18:42:17, 10Mb
  Файл: /tmp/.font-unix/dddddddsdssssssss_020725/dddddddsdsssss_020725.sd, 2025-07-02 18:42:17, 10Mb
  Файл: /tmp/.font-unix/dddddddsdssssssss_020725/dddsdssssss_020725.sd, 2025-07-02 18:42:17, 10Mb
  Файл: /tmp/.font-unix/dddddddsdssssssss_020725/ddsdss_020725.sd, 2025-07-02 18:42:17, 10Mb
  Файл: /tmp/.font-unix/dddddddsdssssssss_020725/ddddddsdsssssssss_020725.sd, 2025-07-02 18:42:17, 10Mb
  Файл: /tmp/.font-unix/dddddddsdssssssss_020725/dddddsdsssssss_020725.sd, 2025-07-02 18:42:17, 10Mb
  Файл: /tmp/.font-unix/dddddddsdssssssss_020725/dddddddddddsdssssss_020725.sd, 2025-07-02 18:42:17, 10Mb
  Файл: /tmp/.font-unix/dddddddsdssssssss_020725/ddddddddsdssssssss_020725.sd, 2025-07-02 18:42:17, 10Mb
  Файл: /tmp/.font-unix/dddddddsdssssssss_020725/ddddsdssssss_020725.sd, 2025-07-02 18:42:17, 10Mb
  Файл: /tmp/.font-unix/dddddddsdssssssss_020725/ddsdsssssss_020725.sd, 2025-07-02 18:42:17, 10Mb
  Файл: /tmp/.font-unix/dddddddsdssssssss_020725/ddddsdssss_020725.sd, 2025-07-02 18:42:17, 10Mb
  Файл: /tmp/.font-unix/dddddddsdssssssss_020725/dsdsss_020725.sd, 2025-07-02 18:42:17, 10Mb
  Файл: /tmp/.font-unix/dddddddsdssssssss_020725/ddddsds_020725.sd, 2025-07-02 18:42:17, 10Mb
  Файл: /tmp/.font-unix/dddddddsdssssssss_020725/dddddsds_020725.sd, 2025-07-02 18:42:17, 10Mb
  Файл: /tmp/.font-unix/dddddddsdssssssss_020725/dddsdssss_020725.sd, 2025-07-02 18:42:17, 10Mb
  Файл: /tmp/.font-unix/dddddddsdssssssss_020725/dddddsdssssssssssss_020725.sd, 2025-07-02 18:42:17, 10Mb
  Файл: /tmp/.font-unix/dddddddsdssssssss_020725/dddddddddsdssssssss_020725.sd, 2025-07-02 18:42:17, 10Mb
  Файл: /tmp/.font-unix/dddddddsdssssssss_020725/ddddddsd_020725.sd, 2025-07-02 18:42:17, 10Mb
  Файл: /tmp/.font-unix/dddddddsdssssssss_020725/dddsdssss_020725.sd, 2025-07-02 18:42:17, 10Mb
  Файл: /tmp/.font-unix/dddddddsdssssssss_020725/dddsds_020725.sd, 2025-07-02 18:42:17, 10Mb
  Файл: /tmp/.font-unix/dddddddsdssssssss_020725/ddsdssss_020725.sd, 2025-07-02 18:42:17, 10Mb
Папка: /tmp/.font-unix/dddddsdssssssss_020725 2025-07-02 18:42:17
  Файл: /tmp/.font-unix/dddddsdssssssss_020725/ddddsdsssss_020725.sd, 2025-07-02 18:42:17, 10Mb
  Файл: /tmp/.font-unix/dddddsdssssssss_020725/ddsdsss_020725.sd, 2025-07-02 18:42:17, 10Mb
  Файл: /tmp/.font-unix/dddddsdssssssss_020725/ddddsds_020725.sd, 2025-07-02 18:42:17, 10Mb
  Файл: /tmp/.font-unix/dddddsdssssssss_020725/ddddddddsdsssss_020725.sd, 2025-07-02 18:42:17, 10Mb
  Файл: /tmp/.font-unix/dddddsdssssssss_020725/ddddddsdsssss_020725.sd, 2025-07-02 18:42:17, 10Mb
  Файл: /tmp/.font-unix/dddddsdssssssss_020725/dddddddddsdsss_020725.sd, 2025-07-02 18:42:17, 10Mb
  Файл: /tmp/.font-unix/dddddsdssssssss_020725/dddddddsdsssssss_020725.sd, 2025-07-02 18:42:17, 10Mb
  Файл: /tmp/.font-unix/dddddsdssssssss_020725/dddsdsssssssssss_020725.sd, 2025-07-02 18:42:17, 10Mb
  Файл: /tmp/.font-unix/dddddsdssssssss_020725/dddddddsdsssssssssss_020725.sd, 2025-07-02 18:42:17, 10Mb
  Файл: /tmp/.font-unix/dddddsdssssssss_020725/dddddddddsdsssssssss_020725.sd, 2025-07-02 18:42:17, 10Mb
  Файл: /tmp/.font-unix/dddddsdssssssss_020725/dddddsdssssss_020725.sd, 2025-07-02 18:42:17, 10Mb
  Файл: /tmp/.font-unix/dddddsdssssssss_020725/ddddddsdsssssss_020725.sd, 2025-07-02 18:42:17, 10Mb
  Файл: /tmp/.font-unix/dddddsdssssssss_020725/dddddsdsssssssssss_020725.sd, 2025-07-02 18:42:17, 10Mb
  Файл: /tmp/.font-unix/dddddsdssssssss_020725/ddsds_020725.sd, 2025-07-02 18:42:17, 10Mb
  Файл: /tmp/.font-unix/dddddsdssssssss_020725/dddddsdsss_020725.sd, 2025-07-02 18:42:17, 10Mb
  Файл: /tmp/.font-unix/dddddsdssssssss_020725/dddddddsdssssss_020725.sd, 2025-07-02 18:42:17, 10Mb
  Файл: /tmp/.font-unix/dddddsdssssssss_020725/dddsdsss_020725.sd, 2025-07-02 18:42:17, 10Mb
  Файл: /tmp/.font-unix/dddddsdssssssss_020725/dddddsdsssss_020725.sd, 2025-07-02 18:42:17, 10Mb
  Файл: /tmp/.font-unix/dddddsdssssssss_020725/dddddddddddddsdsssss_020725.sd, 2025-07-02 18:42:17, 10Mb
  Файл: /tmp/.font-unix/dddddsdssssssss_020725/dddddsds_020725.sd, 2025-07-02 18:42:17, 10Mb
  Файл: /tmp/.font-unix/dddddsdssssssss_020725/dsdss_020725.sd, 2025-07-02 18:42:17, 10Mb
  Файл: /tmp/.font-unix/dddddsdssssssss_020725/dddddddsdsss_020725.sd, 2025-07-02 18:42:17, 10Mb
  Файл: /tmp/.font-unix/dddddsdssssssss_020725/dddsdss_020725.sd, 2025-07-02 18:42:17, 10Mb
  Файл: /tmp/.font-unix/dddddsdssssssss_020725/ddddddsdsssss_020725.sd, 2025-07-02 18:42:17, 10Mb
  Файл: /tmp/.font-unix/dddddsdssssssss_020725/ddsdsssss_020725.sd, 2025-07-02 18:42:17, 10Mb
  Файл: /tmp/.font-unix/dddddsdssssssss_020725/ddsdssss_020725.sd, 2025-07-02 18:42:17, 10Mb
  Файл: /tmp/.font-unix/dddddsdssssssss_020725/dsdssssss_020725.sd, 2025-07-02 18:42:17, 10Mb
  Файл: /tmp/.font-unix/dddddsdssssssss_020725/ddddsdssss_020725.sd, 2025-07-02 18:42:17, 10Mb
  Файл: /tmp/.font-unix/dddddsdssssssss_020725/ddddddddddsdssssss_020725.sd, 2025-07-02 18:42:17, 10Mb
  Файл: /tmp/.font-unix/dddddsdssssssss_020725/dddddddddddsdssss_020725.sd, 2025-07-02 18:42:17, 10Mb
  Файл: /tmp/.font-unix/dddddsdssssssss_020725/ddddsdsssss_020725.sd, 2025-07-02 18:42:17, 10Mb
  Файл: /tmp/.font-unix/dddddsdssssssss_020725/dddddddddsdsssssssss_020725.sd, 2025-07-02 18:42:17, 10Mb
  Файл: /tmp/.font-unix/dddddsdssssssss_020725/dddsdss_020725.sd, 2025-07-02 18:42:17, 10Mb
  Файл: /tmp/.font-unix/dddddsdssssssss_020725/ddddddddsdsssssss_020725.sd, 2025-07-02 18:42:17, 10Mb
Папка: /tmp/.font-unix/ddddddddddsdssssssss_020725 2025-07-02 18:42:17
  Файл: /tmp/.font-unix/ddddddddddsdssssssss_020725/dddddddsdsssss_020725.sd, 2025-07-02 18:42:17, 10Mb
  Файл: /tmp/.font-unix/ddddddddddsdssssssss_020725/dddddddsdsssss_020725.sd, 2025-07-02 18:42:17, 10Mb
  Файл: /tmp/.font-unix/ddddddddddsdssssssss_020725/ddddsdsssssssssss_020725.sd, 2025-07-02 18:42:17, 10Mb
  Файл: /tmp/.font-unix/ddddddddddsdssssssss_020725/dddddsdss_020725.sd, 2025-07-02 18:42:17, 10Mb
  Файл: /tmp/.font-unix/ddddddddddsdssssssss_020725/ddddsdsssssss_020725.sd, 2025-07-02 18:42:17, 10Mb
  Файл: /tmp/.font-unix/ddddddddddsdssssssss_020725/ddddddddsdsssssssss_020725.sd, 2025-07-02 18:42:17, 10Mb
Папка: /tmp/.font-unix/ddsdss_020725 2025-07-02 18:42:17
  Файл: /tmp/.font-unix/ddsdss_020725/ddddddsdss_020725.sd, 2025-07-02 18:42:17, 10Mb
  Файл: /tmp/.font-unix/ddsdss_020725/sdssssss_020725.sd, 2025-07-02 18:42:17, 10Mb
  Файл: /tmp/.font-unix/ddsdss_020725/ddddddsdssssss_020725.sd, 2025-07-02 18:42:17, 10Mb
  Файл: /tmp/.font-unix/ddsdss_020725/ddddddddsdsssssss_020725.sd, 2025-07-02 18:42:17, 10Mb
  Файл: /tmp/.font-unix/ddsdss_020725/dddddddsdssssss_020725.sd, 2025-07-02 18:42:17, 10Mb
  Файл: /tmp/.font-unix/ddsdss_020725/ddddddddsdssssss_020725.sd, 2025-07-02 18:42:17, 10Mb
  Файл: /tmp/.font-unix/ddsdss_020725/dddsdsssssss_020725.sd, 2025-07-02 18:42:17, 10Mb
  Файл: /tmp/.font-unix/ddsdss_020725/dddddsdsssssss_020725.sd, 2025-07-02 18:42:17, 10Mb
  Файл: /tmp/.font-unix/ddsdss_020725/dddddsdsssssss_020725.sd, 2025-07-02 18:42:17, 10Mb
  Файл: /tmp/.font-unix/ddsdss_020725/sdsssss_020725.sd, 2025-07-02 18:42:17, 10Mb
  Файл: /tmp/.font-unix/ddsdss_020725/ddddddddsdsssss_020725.sd, 2025-07-02 18:42:17, 10Mb
  Файл: /tmp/.font-unix/ddsdss_020725/ddddddsds_020725.sd, 2025-07-02 18:42:17, 10Mb
  Файл: /tmp/.font-unix/ddsdss_020725/dddsdsss_020725.sd, 2025-07-02 18:42:17, 10Mb
  Файл: /tmp/.font-unix/ddsdss_020725/dddddsdsssss_020725.sd, 2025-07-02 18:42:17, 10Mb
  Файл: /tmp/.font-unix/ddsdss_020725/ddddddddddsdssss_020725.sd, 2025-07-02 18:42:17, 10Mb
  Файл: /tmp/.font-unix/ddsdss_020725/ddddsdssss_020725.sd, 2025-07-02 18:42:17, 10Mb
  Файл: /tmp/.font-unix/ddsdss_020725/ddsdssss_020725.sd, 2025-07-02 18:42:17, 10Mb
  Файл: /tmp/.font-unix/ddsdss_020725/ddsdss_020725.sd, 2025-07-02 18:42:17, 10Mb
  Файл: /tmp/.font-unix/ddsdss_020725/ddddddsdssssss_020725.sd, 2025-07-02 18:42:17, 10Mb
  Файл: /tmp/.font-unix/ddsdss_020725/ddddddddsdsssssss_020725.sd, 2025-07-02 18:42:17, 10Mb
  Файл: /tmp/.font-unix/ddsdss_020725/ddsdsssss_020725.sd, 2025-07-02 18:42:17, 10Mb
  Файл: /tmp/.font-unix/ddsdss_020725/ddddddsdsssssssssss_020725.sd, 2025-07-02 18:42:17, 10Mb
  Файл: /tmp/.font-unix/ddsdss_020725/dddddsdsss_020725.sd, 2025-07-02 18:42:17, 10Mb
  Файл: /tmp/.font-unix/ddsdss_020725/dddddddsdssssss_020725.sd, 2025-07-02 18:42:17, 10Mb
  Файл: /tmp/.font-unix/ddsdss_020725/dsdss_020725.sd, 2025-07-02 18:42:17, 10Mb
  Файл: /tmp/.font-unix/ddsdss_020725/ddsdsss_020725.sd, 2025-07-02 18:42:17, 10Mb
  Файл: /tmp/.font-unix/ddsdss_020725/dsdssssss_020725.sd, 2025-07-02 18:42:17, 10Mb
  Файл: /tmp/.font-unix/ddsdss_020725/ddddddsdssss_020725.sd, 2025-07-02 18:42:17, 10Mb
  Файл: /tmp/.font-unix/ddsdss_020725/dddsdssssss_020725.sd, 2025-07-02 18:42:17, 10Mb
  Файл: /tmp/.font-unix/ddsdss_020725/ddddddddsdsssssssss_020725.sd, 2025-07-02 18:42:17, 10Mb
  Файл: /tmp/.font-unix/ddsdss_020725/ddddddddsdssssssssss_020725.sd, 2025-07-02 18:42:17, 10Mb
  Файл: /tmp/.font-unix/ddsdss_020725/dddddddddsdssssssss_020725.sd, 2025-07-02 18:42:17, 10Mb
  Файл: /tmp/.font-unix/ddsdss_020725/ddddddddsdssssssssss_020725.sd, 2025-07-02 18:42:17, 10Mb
  Файл: /tmp/.font-unix/ddsdss_020725/ddddsdsssssssssss_020725.sd, 2025-07-02 18:42:17, 10Mb
  Файл: /tmp/.font-unix/ddsdss_020725/dddddddsdsssss_020725.sd, 2025-07-02 18:42:17, 10Mb
  Файл: /tmp/.font-unix/ddsdss_020725/ddsds_020725.sd, 2025-07-02 18:42:17, 10Mb
  Файл: /tmp/.font-unix/ddsdss_020725/ddsdss_020725.sd, 2025-07-02 18:42:17, 10Mb
  Файл: /tmp/.font-unix/ddsdss_020725/dsdss_020725.sd, 2025-07-02 18:42:17, 10Mb
  Файл: /tmp/.font-unix/ddsdss_020725/dddsdssssssss_020725.sd, 2025-07-02 18:42:17, 10Mb
  Файл: /tmp/.font-unix/ddsdss_020725/dddsdssss_020725.sd, 2025-07-02 18:42:17, 10Mb
Папка: /tmp/.font-unix/ddddddddsdssssss_020725 2025-07-02 18:42:17
  Файл: /tmp/.font-unix/ddddddddsdssssss_020725/dddddsdsssssss_020725.sd, 2025-07-02 18:42:17, 10Mb
  Файл: /tmp/.font-unix/ddddddddsdssssss_020725/dddsdsssssssssss_020725.sd, 2025-07-02 18:42:17, 10Mb
  Файл: /tmp/.font-unix/ddddddddsdssssss_020725/dddddddsdsssssss_020725.sd, 2025-07-02 18:42:17, 10Mb
  Файл: /tmp/.font-unix/ddddddddsdssssss_020725/dddsdsssssssss_020725.sd, 2025-07-02 18:42:17, 10Mb
  Файл: /tmp/.font-unix/ddddddddsdssssss_020725/dddddddddsdssssss_020725.sd, 2025-07-02 18:42:17, 10Mb
  Файл: /tmp/.font-unix/ddddddddsdssssss_020725/ddddsdssssssss_020725.sd, 2025-07-02 18:42:17, 10Mb
  Файл: /tmp/.font-unix/ddddddddsdssssss_020725/ddddddsdsssss_020725.sd, 2025-07-02 18:42:17, 10Mb
  Файл: /tmp/.font-unix/ddddddddsdssssss_020725/sdsss_020725.sd, 2025-07-02 18:42:17, 10Mb
  Файл: /tmp/.font-unix/ddddddddsdssssss_020725/dddsdss_020725.sd, 2025-07-02 18:42:17, 10Mb
  Файл: /tmp/.font-unix/ddddddddsdssssss_020725/dddsd_020725.sd, 2025-07-02 18:42:17, 10Mb
  Файл: /tmp/.font-unix/ddddddddsdssssss_020725/dsdsss_020725.sd, 2025-07-02 18:42:17, 10Mb
  Файл: /tmp/.font-unix/ddddddddsdssssss_020725/dddddsdsssssssssss_020725.sd, 2025-07-02 18:42:17, 10Mb
  Файл: /tmp/.font-unix/ddddddddsdssssss_020725/ddddsd_020725.sd, 2025-07-02 18:42:17, 10Mb
  Файл: /tmp/.font-unix/ddddddddsdssssss_020725/dddddsdssssss_020725.sd, 2025-07-02 18:42:17, 10Mb
  Файл: /tmp/.font-unix/ddddddddsdssssss_020725/ddsdsss_020725.sd, 2025-07-02 18:42:17, 10Mb
  Файл: /tmp/.font-unix/ddddddddsdssssss_020725/dddddsdsssss_020725.sd, 2025-07-02 18:42:17, 10Mb
  Файл: /tmp/.font-unix/ddddddddsdssssss_020725/dddddsdsssssssssss_020725.sd, 2025-07-02 18:42:17, 10Mb
  Файл: /tmp/.font-unix/ddddddddsdssssss_020725/ddddddddddsdssssss_020725.sd, 2025-07-02 18:42:17, 10Mb
  Файл: /tmp/.font-unix/ddddddddsdssssss_020725/dddddddsdssss_020725.sd, 2025-07-02 18:42:17, 10Mb
  Файл: /tmp/.font-unix/ddddddddsdssssss_020725/ddddsdssss_020725.sd, 2025-07-02 18:42:17, 10Mb
  Файл: /tmp/.font-unix/ddddddddsdssssss_020725/ddddsdss_020725.sd, 2025-07-02 18:42:17, 10Mb
  Файл: /tmp/.font-unix/ddddddddsdssssss_020725/ddddsdss_020725.sd, 2025-07-02 18:42:17, 10Mb
  Файл: /tmp/.font-unix/ddddddddsdssssss_020725/sdssss_020725.sd, 2025-07-02 18:42:17, 10Mb
  Файл: /tmp/.font-unix/ddddddddsdssssss_020725/dsdss_020725.sd, 2025-07-02 18:42:17, 10Mb
  Файл: /tmp/.font-unix/ddddddddsdssssss_020725/sdsss_020725.sd, 2025-07-02 18:42:17, 10Mb
  Файл: /tmp/.font-unix/ddddddddsdssssss_020725/ddsdssss_020725.sd, 2025-07-02 18:42:17, 10Mb
  Файл: /tmp/.font-unix/ddddddddsdssssss_020725/dddsdsss_020725.sd, 2025-07-02 18:42:17, 10Mb
  Файл: /tmp/.font-unix/ddddddddsdssssss_020725/ddddsdsss_020725.sd, 2025-07-02 18:42:17, 10Mb
  Файл: /tmp/.font-unix/ddddddddsdssssss_020725/ddddddsdssssssss_020725.sd, 2025-07-02 18:42:17, 10Mb
  Файл: /tmp/.font-unix/ddddddddsdssssss_020725/ddddsdss_020725.sd, 2025-07-02 18:42:17, 10Mb
  Файл: /tmp/.font-unix/ddddddddsdssssss_020725/ddddsdssssssss_020725.sd, 2025-07-02 18:42:17, 10Mb
  Файл: /tmp/.font-unix/ddddddddsdssssss_020725/dddsd_020725.sd, 2025-07-02 18:42:17, 10Mb
  Файл: /tmp/.font-unix/ddddddddsdssssss_020725/dddddsdss_020725.sd, 2025-07-02 18:42:17, 10Mb
  Файл: /tmp/.font-unix/ddddddddsdssssss_020725/ddddddddddsdssssssss_020725.sd, 2025-07-02 18:42:17, 10Mb
  Файл: /tmp/.font-unix/ddddddddsdssssss_020725/ddddddsdssss_020725.sd, 2025-07-02 18:42:17, 10Mb
  Файл: /tmp/.font-unix/ddddddddsdssssss_020725/ddddsdsssss_020725.sd, 2025-07-02 18:42:17, 10Mb
  Файл: /tmp/.font-unix/ddddddddsdssssss_020725/dddddddsdssss_020725.sd, 2025-07-02 18:42:17, 10Mb
  Файл: /tmp/.font-unix/ddddddddsdssssss_020725/dddddsds_020725.sd, 2025-07-02 18:42:17, 10Mb
  Файл: /tmp/.font-unix/ddddddddsdssssss_020725/dddsdsssssss_020725.sd, 2025-07-02 18:42:17, 10Mb
  Файл: /tmp/.font-unix/ddddddddsdssssss_020725/dddddddddddddsdssss_020725.sd, 2025-07-02 18:42:17, 10Mb
  Файл: /tmp/.font-unix/ddddddddsdssssss_020725/ddddsdss_020725.sd, 2025-07-02 18:42:17, 10Mb
  Файл: /tmp/.font-unix/ddddddddsdssssss_020725/dddddddsdssss_020725.sd, 2025-07-02 18:42:17, 10Mb
  Файл: /tmp/.font-unix/ddddddddsdssssss_020725/sdssss_020725.sd, 2025-07-02 18:42:17, 10Mb
  Файл: /tmp/.font-unix/ddddddddsdssssss_020725/dddddddsdsss_020725.sd, 2025-07-02 18:42:17, 10Mb
  Файл: /tmp/.font-unix/ddddddddsdssssss_020725/dddsdssss_020725.sd, 2025-07-02 18:42:17, 10Mb
  Файл: /tmp/.font-unix/ddddddddsdssssss_020725/dddddddsdsssss_020725.sd, 2025-07-02 18:42:17, 10Mb
  Файл: /tmp/.font-unix/ddddddddsdssssss_020725/ddsds_020725.sd, 2025-07-02 18:42:17, 10Mb
  Файл: /tmp/.font-unix/ddddddddsdssssss_020725/ddddsdssssss_020725.sd, 2025-07-02 18:42:17, 10Mb
  Файл: /tmp/.font-unix/ddddddddsdssssss_020725/ddddsdssss_020725.sd, 2025-07-02 18:42:17, 10Mb
  Файл: /tmp/.font-unix/ddddddddsdssssss_020725/ddddsdssss_020725.sd, 2025-07-02 18:42:17, 10Mb
  Файл: /tmp/.font-unix/ddddddddsdssssss_020725/ddddsdssss_020725.sd, 2025-07-02 18:42:17, 10Mb
  Файл: /tmp/.font-unix/ddddddddsdssssss_020725/dddddsdssssssssss_020725.sd, 2025-07-02 18:42:17, 10Mb
  Файл: /tmp/.font-unix/ddddddddsdssssss_020725/ddddddsdssssss_020725.sd, 2025-07-02 18:42:17, 10Mb
  Файл: /tmp/.font-unix/ddddddddsdssssss_020725/ddsdss_020725.sd, 2025-07-02 18:42:17, 10Mb
  Файл: /tmp/.font-unix/ddddddddsdssssss_020725/dddddsdssssssss_020725.sd, 2025-07-02 18:42:17, 10Mb
  Файл: /tmp/.font-unix/ddddddddsdssssss_020725/dddddddsdsss_020725.sd, 2025-07-02 18:42:17, 10Mb
  Файл: /tmp/.font-unix/ddddddddsdssssss_020725/dddddddddddsdsssssss_020725.sd, 2025-07-02 18:42:17, 10Mb
  Файл: /tmp/.font-unix/ddddddddsdssssss_020725/ddddsdssss_020725.sd, 2025-07-02 18:42:17, 10Mb
  Файл: /tmp/.font-unix/ddddddddsdssssss_020725/ddddddddsdsssss_020725.sd, 2025-07-02 18:42:17, 10Mb
  Файл: /tmp/.font-unix/ddddddddsdssssss_020725/ddddddddsdsssss_020725.sd, 2025-07-02 18:42:17, 10Mb
  Файл: /tmp/.font-unix/ddddddddsdssssss_020725/dddddddsdssssssss_020725.sd, 2025-07-02 18:42:17, 10Mb
  Файл: /tmp/.font-unix/ddddddddsdssssss_020725/dddddddddsdssssss_020725.sd, 2025-07-02 18:42:17, 10Mb
  Файл: /tmp/.font-unix/ddddddddsdssssss_020725/dsdss_020725.sd, 2025-07-02 18:42:17, 10Mb
  Файл: /tmp/.font-unix/ddddddddsdssssss_020725/ddddsdssssss_020725.sd, 2025-07-02 18:42:17, 10Mb
  Файл: /tmp/.font-unix/ddddddddsdssssss_020725/ddsdsssss_020725.sd, 2025-07-02 18:42:17, 10Mb
  Файл: /tmp/.font-unix/ddddddddsdssssss_020725/dddddddsdsssssss_020725.sd, 2025-07-02 18:42:17, 10Mb
  Файл: /tmp/.font-unix/ddddddddsdssssss_020725/dddddddddsdssssss_020725.sd, 2025-07-02 18:42:17, 10Mb
  Файл: /tmp/.font-unix/ddddddddsdssssss_020725/ddddsdsssss_020725.sd, 2025-07-02 18:42:17, 10Mb
  Файл: /tmp/.font-unix/ddddddddsdssssss_020725/dddsdsss_020725.sd, 2025-07-02 18:42:17, 10Mb
  Файл: /tmp/.font-unix/ddddddddsdssssss_020725/ddddddddsdssssss_020725.sd, 2025-07-02 18:42:17, 10Mb
  Файл: /tmp/.font-unix/ddddddddsdssssss_020725/dddddsds_020725.sd, 2025-07-02 18:42:17, 10Mb
  Файл: /tmp/.font-unix/ddddddddsdssssss_020725/dddddsdssss_020725.sd, 2025-07-02 18:42:17, 10Mb
  Файл: /tmp/.font-unix/ddddddddsdssssss_020725/ddddsdsssss_020725.sd, 2025-07-02 18:42:17, 10Mb
  Файл: /tmp/.font-unix/ddddddddsdssssss_020725/dddddddddsdsssss_020725.sd, 2025-07-02 18:42:17, 10Mb
  Файл: /tmp/.font-unix/ddddddddsdssssss_020725/ddsdss_020725.sd, 2025-07-02 18:42:17, 10Mb
  Файл: /tmp/.font-unix/ddddddddsdssssss_020725/dsdss_020725.sd, 2025-07-02 18:42:17, 10Mb
  Файл: /tmp/.font-unix/ddddddddsdssssss_020725/ddddddsds_020725.sd, 2025-07-02 18:42:17, 10Mb
  Файл: /tmp/.font-unix/ddddddddsdssssss_020725/ddddddddsdsssssss_020725.sd, 2025-07-02 18:42:17, 10Mb
  Файл: /tmp/.font-unix/ddddddddsdssssss_020725/dddddddsdsssssss_020725.sd, 2025-07-02 18:42:17, 10Mb
  Файл: /tmp/.font-unix/ddddddddsdssssss_020725/dddddsdssssss_020725.sd, 2025-07-02 18:42:17, 10Mb
  Файл: /tmp/.font-unix/ddddddddsdssssss_020725/ddddsdssss_020725.sd, 2025-07-02 18:42:17, 10Mb
  Файл: /tmp/.font-unix/ddddddddsdssssss_020725/ddddddddsdsssssss_020725.sd, 2025-07-02 18:42:17, 10Mb
  Файл: /tmp/.font-unix/ddddddddsdssssss_020725/dddddddsdssssssss_020725.sd, 2025-07-02 18:42:17, 10Mb
  Файл: /tmp/.font-unix/ddddddddsdssssss_020725/ddddddsdsss_020725.sd, 2025-07-02 18:42:17, 10Mb
  Файл: /tmp/.font-unix/ddddddddsdssssss_020725/dsdssss_020725.sd, 2025-07-02 18:42:17, 10Mb
  Файл: /tmp/.font-unix/ddddddddsdssssss_020725/ddddddsdsssss_020725.sd, 2025-07-02 18:42:17, 10Mb
  Файл: /tmp/.font-unix/ddddddddsdssssss_020725/ddddsdsssssss_020725.sd, 2025-07-02 18:42:17, 10Mb
  Файл: /tmp/.font-unix/ddddddddsdssssss_020725/dddddddsds_020725.sd, 2025-07-02 18:42:17, 10Mb
  Файл: /tmp/.font-unix/ddddddddsdssssss_020725/dddddsdssss_020725.sd, 2025-07-02 18:42:17, 10Mb
  Файл: /tmp/.font-unix/ddddddddsdssssss_020725/ddsds_020725.sd, 2025-07-02 18:42:17, 10Mb
  Файл: /tmp/.font-unix/ddddddddsdssssss_020725/ddddddddddsdssssssss_020725.sd, 2025-07-02 18:42:17, 10Mb
  Файл: /tmp/.font-unix/ddddddddsdssssss_020725/dsdss_020725.sd, 2025-07-02 18:42:17, 10Mb
  Файл: /tmp/.font-unix/ddddddddsdssssss_020725/ddddsd_020725.sd, 2025-07-02 18:42:17, 10Mb
  Файл: /tmp/.font-unix/ddddddddsdssssss_020725/ddddddsdsssssssss_020725.sd, 2025-07-02 18:42:17, 10Mb
Папка: /tmp/.font-unix/dddddsds_020725 2025-07-02 18:42:17
  Файл: /tmp/.font-unix/dddddsds_020725/dddddddddddsdssssss_020725.sd, 2025-07-02 18:42:17, 10Mb
  Файл: /tmp/.font-unix/dddddsds_020725/ddddsdsssss_020725.sd, 2025-07-02 18:42:17, 10Mb
  Файл: /tmp/.font-unix/dddddsds_020725/ddsds_020725.sd, 2025-07-02 18:42:17, 10Mb
  Файл: /tmp/.font-unix/dddddsds_020725/ddsdsss_020725.sd, 2025-07-02 18:42:17, 10Mb
  Файл: /tmp/.font-unix/dddddsds_020725/ddsds_020725.sd, 2025-07-02 18:42:17, 10Mb
  Файл: /tmp/.font-unix/dddddsds_020725/ddddsdssssss_020725.sd, 2025-07-02 18:42:17, 10Mb
  Файл: /tmp/.font-unix/dddddsds_020725/dddddddddsdssssssss_020725.sd, 2025-07-02 18:42:17, 10Mb
  Файл: /tmp/.font-unix/dddddsds_020725/dddddsdsss_020725.sd, 2025-07-02 18:42:17, 10Mb
  Файл: /tmp/.font-unix/dddddsds_020725/ddddsdssssssssss_020725.sd, 2025-07-02 18:42:17, 10Mb
  Файл: /tmp/.font-unix/dddddsds_020725/dddsdsssssss_020725.sd, 2025-07-02 18:42:17, 10Mb
  Файл: /tmp/.font-unix/dddddsds_020725/dsdssss_020725.sd, 2025-07-02 18:42:17, 10Mb
  Файл: /tmp/.font-unix/dddddsds_020725/ddddddddsdsssss_020725.sd, 2025-07-02 18:42:17, 10Mb
  Файл: /tmp/.font-unix/dddddsds_020725/ddddsds_020725.sd, 2025-07-02 18:42:17, 10Mb
  Файл: /tmp/.font-unix/dddddsds_020725/dsdss_020725.sd, 2025-07-02 18:42:17, 10Mb
  Файл: /tmp/.font-unix/dddddsds_020725/dddddddddsdssssss_020725.sd, 2025-07-02 18:42:17, 10Mb
  Файл: /tmp/.font-unix/dddddsds_020725/dddddddddsdsssssssss_020725.sd, 2025-07-02 18:42:17, 10Mb
  Файл: /tmp/.font-unix/dddddsds_020725/dddddsdsss_020725.sd, 2025-07-02 18:42:17, 10Mb
  Файл: /tmp/.font-unix/dddddsds_020725/dddddsdsssss_020725.sd, 2025-07-02 18:42:17, 10Mb
  Файл: /tmp/.font-unix/dddddsds_020725/ddsds_020725.sd, 2025-07-02 18:42:17, 10Mb
  Файл: /tmp/.font-unix/dddddsds_020725/dddddddddsdssssssss_020725.sd, 2025-07-02 18:42:17, 10Mb
  Файл: /tmp/.font-unix/dddddsds_020725/dddddddsdsssss_020725.sd, 2025-07-02 18:42:17, 10Mb
  Файл: /tmp/.font-unix/dddddsds_020725/sdsss_020725.sd, 2025-07-02 18:42:17, 10Mb
  Файл: /tmp/.font-unix/dddddsds_020725/dsdss_020725.sd, 2025-07-02 18:42:17, 10Mb
  Файл: /tmp/.font-unix/dddddsds_020725/dddddddddsdsssssss_020725.sd, 2025-07-02 18:42:17, 10Mb
  Файл: /tmp/.font-unix/dddddsds_020725/ddsdssssss_020725.sd, 2025-07-02 18:42:17, 10Mb
  Файл: /tmp/.font-unix/dddddsds_020725/dddddddsdsssssssss_020725.sd, 2025-07-02 18:42:17, 10Mb
  Файл: /tmp/.font-unix/dddddsds_020725/ddddsdssssss_020725.sd, 2025-07-02 18:42:17, 10Mb
  Файл: /tmp/.font-unix/dddddsds_020725/ddddsdsssssss_020725.sd, 2025-07-02 18:42:17, 10Mb
  Файл: /tmp/.font-unix/dddddsds_020725/dddddsdssssssss_020725.sd, 2025-07-02 18:42:17, 10Mb
  Файл: /tmp/.font-unix/dddddsds_020725/dddddddddddsdsss_020725.sd, 2025-07-02 18:42:17, 10Mb
  Файл: /tmp/.font-unix/dddddsds_020725/ddddddddddsdssssssss_020725.sd, 2025-07-02 18:42:17, 10Mb
  Файл: /tmp/.font-unix/dddddsds_020725/dddddsdsssssss_020725.sd, 2025-07-02 18:42:17, 10Mb
  Файл: /tmp/.font-unix/dddddsds_020725/ddddddddddsdsssssss_020725.sd, 2025-07-02 18:42:17, 10Mb
  Файл: /tmp/.font-unix/dddddsds_020725/dddddsdsssss_020725.sd, 2025-07-02 18:42:17, 10Mb
  Файл: /tmp/.font-unix/dddddsds_020725/dsdss_020725.sd, 2025-07-02 18:42:17, 10Mb
  Файл: /tmp/.font-unix/dddddsds_020725/dddddsds_020725.sd, 2025-07-02 18:42:17, 10Mb
  Файл: /tmp/.font-unix/dddddsds_020725/ddddddsdssssss_020725.sd, 2025-07-02 18:42:17, 10Mb
  Файл: /tmp/.font-unix/dddddsds_020725/ddddddsdsssss_020725.sd, 2025-07-02 18:42:17, 10Mb
  Файл: /tmp/.font-unix/dddddsds_020725/dddddddsdsssssss_020725.sd, 2025-07-02 18:42:17, 10Mb
Папка: /tmp/.font-unix/ddddsds_020725 2025-07-02 18:42:17
  Файл: /tmp/.font-unix/ddddsds_020725/ddddsdss_020725.sd, 2025-07-02 18:42:17, 10Mb
  Файл: /tmp/.font-unix/ddddsds_020725/dsdsss_020725.sd, 2025-07-02 18:42:17, 10Mb
  Файл: /tmp/.font-unix/ddddsds_020725/ddsdss_020725.sd, 2025-07-02 18:42:17, 10Mb
  Файл: /tmp/.font-unix/ddddsds_020725/ddddddsdssssssssss_020725.sd, 2025-07-02 18:42:17, 10Mb
  Файл: /tmp/.font-unix/ddddsds_020725/ddddddsds_020725.sd, 2025-07-02 18:42:17, 10Mb
  Файл: /tmp/.font-unix/ddddsds_020725/ddddddddsdssss_020725.sd, 2025-07-02 18:42:17, 10Mb
  Файл: /tmp/.font-unix/ddddsds_020725/ddddddddsdssss_020725.sd, 2025-07-02 18:42:17, 10Mb
  Файл: /tmp/.font-unix/ddddsds_020725/ddddddsdssssss_020725.sd, 2025-07-02 18:42:17, 10Mb
  Файл: /tmp/.font-unix/ddddsds_020725/ddddsdssss_020725.sd, 2025-07-02 18:42:17, 10Mb
  Файл: /tmp/.font-unix/ddddsds_020725/ddddsdsssssss_020725.sd, 2025-07-02 18:42:17, 10Mb
  Файл: /tmp/.font-unix/ddddsds_020725/dddsdss_020725.sd, 2025-07-02 18:42:17, 10Mb
  Файл: /tmp/.font-unix/ddddsds_020725/ddsdssssssss_020725.sd, 2025-07-02 18:42:17, 10Mb
  Файл: /tmp/.font-unix/ddddsds_020725/dddddddsdssssssssss_020725.sd, 2025-07-02 18:42:17, 10Mb
  Файл: /tmp/.font-unix/ddddsds_020725/ddsdss_020725.sd, 2025-07-02 18:42:17, 10Mb
  Файл: /tmp/.font-unix/ddddsds_020725/ddsdss_020725.sd, 2025-07-02 18:42:17, 10Mb
  Файл: /tmp/.font-unix/ddddsds_020725/ddsdss_020725.sd, 2025-07-02 18:42:17, 10Mb
  Файл: /tmp/.font-unix/ddddsds_020725/ddsdsssssss_020725.sd, 2025-07-02 18:42:17, 10Mb
  Файл: /tmp/.font-unix/ddddsds_020725/ddddddddsdsssssss_020725.sd, 2025-07-02 18:42:17, 10Mb
Папка: /tmp/.font-unix/dddsdsss_020725 2025-07-02 18:42:17
  Файл: /tmp/.font-unix/dddsdsss_020725/ddddsdsss_020725.sd, 2025-07-02 18:42:17, 10Mb
  Файл: /tmp/.font-unix/dddsdsss_020725/ddsdss_020725.sd, 2025-07-02 18:42:17, 10Mb
  Файл: /tmp/.font-unix/dddsdsss_020725/dddsdsssssssss_020725.sd, 2025-07-02 18:42:17, 10Mb
  Файл: /tmp/.font-unix/dddsdsss_020725/dddddddddddsdsssssss_020725.sd, 2025-07-02 18:42:17, 10Mb
  Файл: /tmp/.font-unix/dddsdsss_020725/ddddddddsdsssss_020725.sd, 2025-07-02 18:42:17, 10Mb
  Файл: /tmp/.font-unix/dddsdsss_020725/dddsdssssss_020725.sd, 2025-07-02 18:42:17, 10Mb
  Файл: /tmp/.font-unix/dddsdsss_020725/ddddddsdssssssssssss_020725.sd, 2025-07-02 18:42:17, 10Mb
  Файл: /tmp/.font-unix/dddsdsss_020725/ddddddsdsssssss_020725.sd, 2025-07-02 18:42:17, 10Mb
  Файл: /tmp/.font-unix/dddsdsss_020725/dddddddsdsssssss_020725.sd, 2025-07-02 18:42:17, 10Mb
  Файл: /tmp/.font-unix/dddsdsss_020725/sdssss_020725.sd, 2025-07-02 18:42:17, 10Mb
  Файл: /tmp/.font-unix/dddsdsss_020725/dddsdss_020725.sd, 2025-07-02 18:42:17, 10Mb
  Файл: /tmp/.font-unix/dddsdsss_020725/dddddsdssssss_020725.sd, 2025-07-02 18:42:17, 10Mb
  Файл: /tmp/.font-unix/dddsdsss_020725/ddddsdsss_020725.sd, 2025-07-02 18:42:17, 10Mb
  Файл: /tmp/.font-unix/dddsdsss_020725/dddddddsdssssssss_020725.sd, 2025-07-02 18:42:17, 10Mb
  Файл: /tmp/.font-unix/dddsdsss_020725/ddddsdsssss_020725.sd, 2025-07-02 18:42:17, 10Mb
  Файл: /tmp/.font-unix/dddsdsss_020725/ddddddddsdssssss_020725.sd, 2025-07-02 18:42:17, 10Mb
  Файл: /tmp/.font-unix/dddsdsss_020725/ddddsdsss_020725.sd, 2025-07-02 18:42:17, 10Mb
  Файл: /tmp/.font-unix/dddsdsss_020725/dddsdsss_020725.sd, 2025-07-02 18:42:17, 10Mb
  Файл: /tmp/.font-unix/dddsdsss_020725/dddddsds_020725.sd, 2025-07-02 18:42:17, 10Mb
  Файл: /tmp/.font-unix/dddsdsss_020725/ddddddddsdsssssss_020725.sd, 2025-07-02 18:42:17, 10Mb
Папка: /tmp/.font-unix/ddddddddsdsssssss_020725 2025-07-02 18:42:17
  Файл: /tmp/.font-unix/ddddddddsdsssssss_020725/dddsdss_020725.sd, 2025-07-02 18:42:17, 10Mb
  Файл: /tmp/.font-unix/ddddddddsdsssssss_020725/ddsdsss_020725.sd, 2025-07-02 18:42:17, 10Mb
  Файл: /tmp/.font-unix/ddddddddsdsssssss_020725/ddddsdsssssss_020725.sd, 2025-07-02 18:42:17, 10Mb
  Файл: /tmp/.font-unix/ddddddddsdsssssss_020725/dddddddsdssssssssss_020725.sd, 2025-07-02 18:42:17, 10Mb
  Файл: /tmp/.font-unix/ddddddddsdsssssss_020725/ddsdssss_020725.sd, 2025-07-02 18:42:17, 10Mb
  Файл: /tmp/.font-unix/ddddddddsdsssssss_020725/dddddsdsssssssss_020725.sd, 2025-07-02 18:42:17, 10Mb
  Файл: /tmp/.font-unix/ddddddddsdsssssss_020725/dddddsdsssssssssssss_020725.sd, 2025-07-02 18:42:17, 10Mb
  Файл: /tmp/.font-unix/ddddddddsdsssssss_020725/ddddddsdssssssssssss_020725.sd, 2025-07-02 18:42:17, 10Mb
  Файл: /tmp/.font-unix/ddddddddsdsssssss_020725/ddddddsdsssssss_020725.sd, 2025-07-02 18:42:17, 10Mb
  Файл: /tmp/.font-unix/ddddddddsdsssssss_020725/dsdsss_020725.sd, 2025-07-02 18:42:17, 10Mb
  Файл: /tmp/.font-unix/ddddddddsdsssssss_020725/ddddddddddsdssssss_020725.sd, 2025-07-02 18:42:17, 10Mb
  Файл: /tmp/.font-unix/ddddddddsdsssssss_020725/ddddddddsdssssssssss_020725.sd, 2025-07-02 18:42:17, 10Mb
  Файл: /tmp/.font-unix/ddddddddsdsssssss_020725/dddddddsdssss_020725.sd, 2025-07-02 18:42:17, 10Mb
  Файл: /tmp/.font-unix/ddddddddsdsssssss_020725/dddddsdsssss_020725.sd, 2025-07-02 18:42:17, 10Mb
  Файл: /tmp/.font-unix/ddddddddsdsssssss_020725/ddddddddsdsss_020725.sd, 2025-07-02 18:42:17, 10Mb
  Файл: /tmp/.font-unix/ddddddddsdsssssss_020725/ddsdsss_020725.sd, 2025-07-02 18:42:17, 10Mb
  Файл: /tmp/.font-unix/ddddddddsdsssssss_020725/ddddddddsdssssssssss_020725.sd, 2025-07-02 18:42:17, 10Mb
  Файл: /tmp/.font-unix/ddddddddsdsssssss_020725/ddsdss_020725.sd, 2025-07-02 18:42:17, 10Mb
  Файл: /tmp/.font-unix/ddddddddsdsssssss_020725/ddddsdssss_020725.sd, 2025-07-02 18:42:17, 10Mb
  Файл: /tmp/.font-unix/ddddddddsdsssssss_020725/dsdsss_020725.sd, 2025-07-02 18:42:17, 10Mb
  Файл: /tmp/.font-unix/ddddddddsdsssssss_020725/ddddsdss_020725.sd, 2025-07-02 18:42:17, 10Mb
  Файл: /tmp/.font-unix/ddddddddsdsssssss_020725/dsdss_020725.sd, 2025-07-02 18:42:17, 10Mb
  Файл: /tmp/.font-unix/ddddddddsdsssssss_020725/dddddsdssss_020725.sd, 2025-07-02 18:42:17, 10Mb
  Файл: /tmp/.font-unix/ddddddddsdsssssss_020725/dddddsdssssssssss_020725.sd, 2025-07-02 18:42:17, 10Mb
  Файл: /tmp/.font-unix/ddddddddsdsssssss_020725/dddsd_020725.sd, 2025-07-02 18:42:17, 10Mb
  Файл: /tmp/.font-unix/ddddddddsdsssssss_020725/ddddddddsdssssssss_020725.sd, 2025-07-02 18:42:17, 10Mb
  Файл: /tmp/.font-unix/ddddddddsdsssssss_020725/ddddsdssss_020725.sd, 2025-07-02 18:42:17, 10Mb
  Файл: /tmp/.font-unix/ddddddddsdsssssss_020725/ddddddsdsssss_020725.sd, 2025-07-02 18:42:17, 10Mb
  Файл: /tmp/.font-unix/ddddddddsdsssssss_020725/ddddddddsdsssssssss_020725.sd, 2025-07-02 18:42:17, 10Mb
  Файл: /tmp/.font-unix/ddddddddsdsssssss_020725/dddddsdss_020725.sd, 2025-07-02 18:42:17, 10Mb
  Файл: /tmp/.font-unix/ddddddddsdsssssss_020725/dddddddddsdsssssssss_020725.sd, 2025-07-02 18:42:17, 10Mb
  Файл: /tmp/.font-unix/ddddddddsdsssssss_020725/dddsdsss_020725.sd, 2025-07-02 18:42:17, 10Mb
  Файл: /tmp/.font-unix/ddddddddsdsssssss_020725/ddddddsdssss_020725.sd, 2025-07-02 18:42:17, 10Mb
  Файл: /tmp/.font-unix/ddddddddsdsssssss_020725/ddddddsdssssssssssss_020725.sd, 2025-07-02 18:42:17, 10Mb
  Файл: /tmp/.font-unix/ddddddddsdsssssss_020725/ddddsds_020725.sd, 2025-07-02 18:42:17, 10Mb
  Файл: /tmp/.font-unix/ddddddddsdsssssss_020725/dddddddddddsdsssssss_020725.sd, 2025-07-02 18:42:17, 10Mb
  Файл: /tmp/.font-unix/ddddddddsdsssssss_020725/dddsdsssss_020725.sd, 2025-07-02 18:42:17, 10Mb
  Файл: /tmp/.font-unix/ddddddddsdsssssss_020725/dddddsdsssssssssss_020725.sd, 2025-07-02 18:42:17, 10Mb
  Файл: /tmp/.font-unix/ddddddddsdsssssss_020725/dddddsdssss_020725.sd, 2025-07-02 18:42:17, 10Mb
  Файл: /tmp/.font-unix/ddddddddsdsssssss_020725/ddddddddsdssssssssss_020725.sd, 2025-07-02 18:42:17, 10Mb
  Файл: /tmp/.font-unix/ddddddddsdsssssss_020725/dddsdsssssssss_020725.sd, 2025-07-02 18:42:17, 10Mb
  Файл: /tmp/.font-unix/ddddddddsdsssssss_020725/ddddsdssssssss_020725.sd, 2025-07-02 18:42:17, 10Mb
  Файл: /tmp/.font-unix/ddddddddsdsssssss_020725/dddsdsssss_020725.sd, 2025-07-02 18:42:17, 10Mb
  Файл: /tmp/.font-unix/ddddddddsdsssssss_020725/dddddddddsdssss_020725.sd, 2025-07-02 18:42:17, 10Mb
  Файл: /tmp/.font-unix/ddddddddsdsssssss_020725/dddddsdsss_020725.sd, 2025-07-02 18:42:17, 10Mb
  Файл: /tmp/.font-unix/ddddddddsdsssssss_020725/dddddddsdsssssss_020725.sd, 2025-07-02 18:42:17, 10Mb
  Файл: /tmp/.font-unix/ddddddddsdsssssss_020725/ddsdssss_020725.sd, 2025-07-02 18:42:17, 10Mb
  Файл: /tmp/.font-unix/ddddddddsdsssssss_020725/ddddsdssssssss_020725.sd, 2025-07-02 18:42:17, 10Mb
  Файл: /tmp/.font-unix/ddddddddsdsssssss_020725/dsdsss_020725.sd, 2025-07-02 18:42:17, 10Mb
Папка: /tmp/.font-unix/ddddsdssssss_020725 2025-07-02 18:42:17
  Файл: /tmp/.font-unix/ddddsdssssss_020725/sdssssss_020725.sd, 2025-07-02 18:42:17, 10Mb
  Файл: /tmp/.font-unix/ddddsdssssss_020725/dddsdssss_020725.sd, 2025-07-02 18:42:17, 10Mb
  Файл: /tmp/.font-unix/ddddsdssssss_020725/dddddddsdssss_020725.sd, 2025-07-02 18:42:17, 10Mb
  Файл: /tmp/.font-unix/ddddsdssssss_020725/ddsdsssssss_020725.sd, 2025-07-02 18:42:17, 10Mb
  Файл: /tmp/.font-unix/ddddsdssssss_020725/ddddsdssss_020725.sd, 2025-07-02 18:42:17, 10Mb
  Файл: /tmp/.font-unix/ddddsdssssss_020725/dddddddsdssssssssss_020725.sd, 2025-07-02 18:42:17, 10Mb
  Файл: /tmp/.font-unix/ddddsdssssss_020725/dddddddsdsssssss_020725.sd, 2025-07-02 18:42:17, 10Mb
  Файл: /tmp/.font-unix/ddddsdssssss_020725/dddsdssss_020725.sd, 2025-07-02 18:42:17, 10Mb
  Файл: /tmp/.font-unix/ddddsdssssss_020725/dddsdss_020725.sd, 2025-07-02 18:42:17, 10Mb
  Файл: /tmp/.font-unix/ddddsdssssss_020725/dddddddddsdssssssss_020725.sd, 2025-07-02 18:42:17, 10Mb
  Файл: /tmp/.font-unix/ddddsdssssss_020725/dddddddsdsssssssss_020725.sd, 2025-07-02 18:42:17, 10Mb
  Файл: /tmp/.font-unix/ddddsdssssss_020725/dddddsdssssss_020725.sd, 2025-07-02 18:42:17, 10Mb
  Файл: /tmp/.font-unix/ddddsdssssss_020725/dddddsdssss_020725.sd, 2025-07-02 18:42:17, 10Mb
  Файл: /tmp/.font-unix/ddddsdssssss_020725/ddddsdssssss_020725.sd, 2025-07-02 18:42:17, 10Mb
  Файл: /tmp/.font-unix/ddddsdssssss_020725/dddddddsdssssssss_020725.sd, 2025-07-02 18:42:17, 10Mb
  Файл: /tmp/.font-unix/ddddsdssssss_020725/ddddsdssssss_020725.sd, 2025-07-02 18:42:17, 10Mb
  Файл: /tmp/.font-unix/ddddsdssssss_020725/dddddddddsdssssss_020725.sd, 2025-07-02 18:42:17, 10Mb
  Файл: /tmp/.font-unix/ddddsdssssss_020725/ddddddddddsdssssssss_020725.sd, 2025-07-02 18:42:17, 10Mb
  Файл: /tmp/.font-unix/ddddsdssssss_020725/ddddddsdssss_020725.sd, 2025-07-02 18:42:17, 10Mb
  Файл: /tmp/.font-unix/ddddsdssssss_020725/dddddsdssss_020725.sd, 2025-07-02 18:42:17, 10Mb
  Файл: /tmp/.font-unix/ddddsdssssss_020725/ddsdssss_020725.sd, 2025-07-02 18:42:17, 10Mb
  Файл: /tmp/.font-unix/ddddsdssssss_020725/dddsdssss_020725.sd, 2025-07-02 18:42:17, 10Mb
  Файл: /tmp/.font-unix/ddddsdssssss_020725/dddddddddsdssssss_020725.sd, 2025-07-02 18:42:17, 10Mb
  Файл: /tmp/.font-unix/ddddsdssssss_020725/dddddsdssssssss_020725.sd, 2025-07-02 18:42:17, 10Mb
  Файл: /tmp/.font-unix/ddddsdssssss_020725/ddsdsss_020725.sd, 2025-07-02 18:42:17, 10Mb
  Файл: /tmp/.font-unix/ddddsdssssss_020725/ddddddddddsdsssssss_020725.sd, 2025-07-02 18:42:17, 10Mb
  Файл: /tmp/.font-unix/ddddsdssssss_020725/ddddddddsdssssssssss_020725.sd, 2025-07-02 18:42:17, 10Mb
  Файл: /tmp/.font-unix/ddddsdssssss_020725/dddsdsssss_020725.sd, 2025-07-02 18:42:17, 10Mb
  Файл: /tmp/.font-unix/ddddsdssssss_020725/dddddddddsdsssssssss_020725.sd, 2025-07-02 18:42:17, 10Mb
  Файл: /tmp/.font-unix/ddddsdssssss_020725/ddddsdss_020725.sd, 2025-07-02 18:42:17, 10Mb
  Файл: /tmp/.font-unix/ddddsdssssss_020725/ddddddsdssssssss_020725.sd, 2025-07-02 18:42:17, 10Mb
  Файл: /tmp/.font-unix/ddddsdssssss_020725/dddddddddsdsssssss_020725.sd, 2025-07-02 18:42:17, 10Mb
  Файл: /tmp/.font-unix/ddddsdssssss_020725/ddddddsdsss_020725.sd, 2025-07-02 18:42:17, 10Mb
  Файл: /tmp/.font-unix/ddddsdssssss_020725/dddsdsssssss_020725.sd, 2025-07-02 18:42:17, 10Mb
  Файл: /tmp/.font-unix/ddddsdssssss_020725/ddsdssss_020725.sd, 2025-07-02 18:42:17, 10Mb
  Файл: /tmp/.font-unix/ddddsdssssss_020725/dddddsdsss_020725.sd, 2025-07-02 18:42:17, 10Mb
  Файл: /tmp/.font-unix/ddddsdssssss_020725/dddsdss_020725.sd, 2025-07-02 18:42:17, 10Mb
  Файл: /tmp/.font-unix/ddddsdssssss_020725/ddddddddddsdsssssss_020725.sd, 2025-07-02 18:42:17, 10Mb
  Файл: /tmp/.font-unix/ddddsdssssss_020725/ddddddddsdssssssssss_020725.sd, 2025-07-02 18:42:17, 10Mb
  Файл: /tmp/.font-unix/ddddsdssssss_020725/dddddddsdsssssss_020725.sd, 2025-07-02 18:42:17, 10Mb
  Файл: /tmp/.font-unix/ddddsdssssss_020725/ddddddddsdssssssssss_020725.sd, 2025-07-02 18:42:17, 10Mb
  Файл: /tmp/.font-unix/ddddsdssssss_020725/ddddsdssss_020725.sd, 2025-07-02 18:42:17, 10Mb
  Файл: /tmp/.font-unix/ddddsdssssss_020725/dsdsss_020725.sd, 2025-07-02 18:42:17, 10Mb
  Файл: /tmp/.font-unix/ddddsdssssss_020725/dddddsdssssss_020725.sd, 2025-07-02 18:42:17, 10Mb
  Файл: /tmp/.font-unix/ddddsdssssss_020725/dddddddsdssssssssss_020725.sd, 2025-07-02 18:42:17, 10Mb
  Файл: /tmp/.font-unix/ddddsdssssss_020725/ddddddddddsdssssssss_020725.sd, 2025-07-02 18:42:17, 10Mb
  Файл: /tmp/.font-unix/ddddsdssssss_020725/ddddddddsdssss_020725.sd, 2025-07-02 18:42:17, 10Mb
  Файл: /tmp/.font-unix/ddddsdssssss_020725/dddddddsdsssssssssss_020725.sd, 2025-07-02 18:42:17, 10Mb
  Файл: /tmp/.font-unix/ddddsdssssss_020725/ddddsdssssss_020725.sd, 2025-07-02 18:42:17, 10Mb
  Файл: /tmp/.font-unix/ddddsdssssss_020725/ddsds_020725.sd, 2025-07-02 18:42:17, 10Mb
  Файл: /tmp/.font-unix/ddddsdssssss_020725/dddddddddddsdssssss_020725.sd, 2025-07-02 18:42:17, 10Mb
  Файл: /tmp/.font-unix/ddddsdssssss_020725/dddsd_020725.sd, 2025-07-02 18:42:17, 10Mb
  Файл: /tmp/.font-unix/ddddsdssssss_020725/ddddddddsdsssss_020725.sd, 2025-07-02 18:42:17, 10Mb
  Файл: /tmp/.font-unix/ddddsdssssss_020725/ddddddsdssssss_020725.sd, 2025-07-02 18:42:17, 10Mb
  Файл: /tmp/.font-unix/ddddsdssssss_020725/dddsds_020725.sd, 2025-07-02 18:42:17, 10Mb
Папка: /tmp/.font-unix/dddsd_020725 2025-07-02 18:42:17
  Файл: /tmp/.font-unix/dddsd_020725/dddddddddddsdsssss_020725.sd, 2025-07-02 18:42:17, 10Mb
  Файл: /tmp/.font-unix/dddsd_020725/ddddddddddsdssssssss_020725.sd, 2025-07-02 18:42:17, 10Mb
  Файл: /tmp/.font-unix/dddsd_020725/ddddddsdsssss_020725.sd, 2025-07-02 18:42:17, 10Mb
  Файл: /tmp/.font-unix/dddsd_020725/dddddddsdssssssssss_020725.sd, 2025-07-02 18:42:17, 10Mb
  Файл: /tmp/.font-unix/dddsd_020725/ddddddsdsssssss_020725.sd, 2025-07-02 18:42:17, 10Mb
Папка: /tmp/.font-unix/ddddsdsss_020725 2025-07-02 18:42:17
  Файл: /tmp/.font-unix/ddddsdsss_020725/ddddddsdsssss_020725.sd, 2025-07-02 18:42:17, 10Mb
  Файл: /tmp/.font-unix/ddddsdsss_020725/dddddsdssssss_020725.sd, 2025-07-02 18:42:17, 10Mb
  Файл: /tmp/.font-unix/ddddsdsss_020725/dddddsdsss_020725.sd, 2025-07-02 18:42:17, 10Mb
  Файл: /tmp/.font-unix/ddddsdsss_020725/dddddddsdsssssssss_020725.sd, 2025-07-02 18:42:17, 10Mb
  Файл: /tmp/.font-unix/ddddsdsss_020725/dddddsdsssssss_020725.sd, 2025-07-02 18:42:17, 10Mb
  Файл: /tmp/.font-unix/ddddsdsss_020725/ddddddsds_020725.sd, 2025-07-02 18:42:17, 10Mb
  Файл: /tmp/.font-unix/ddddsdsss_020725/dddddddddsdssssss_020725.sd, 2025-07-02 18:42:17, 10Mb
  Файл: /tmp/.font-unix/ddddsdsss_020725/ddddddddddsdsssss_020725.sd, 2025-07-02 18:42:17, 10Mb
  Файл: /tmp/.font-unix/ddddsdsss_020725/sdsss_020725.sd, 2025-07-02 18:42:17, 10Mb
  Файл: /tmp/.font-unix/ddddsdsss_020725/dddddddsdsssssssss_020725.sd, 2025-07-02 18:42:17, 10Mb
  Файл: /tmp/.font-unix/ddddsdsss_020725/ddsdsssss_020725.sd, 2025-07-02 18:42:17, 10Mb
  Файл: /tmp/.font-unix/ddddsdsss_020725/ddsdssssss_020725.sd, 2025-07-02 18:42:17, 10Mb
  Файл: /tmp/.font-unix/ddddsdsss_020725/ddddsdss_020725.sd, 2025-07-02 18:42:17, 10Mb
  Файл: /tmp/.font-unix/ddddsdsss_020725/ddsdssss_020725.sd, 2025-07-02 18:42:17, 10Mb
  Файл: /tmp/.font-unix/ddddsdsss_020725/ddsdss_020725.sd, 2025-07-02 18:42:17, 10Mb
  Файл: /tmp/.font-unix/ddddsdsss_020725/dddddddsdssssss_020725.sd, 2025-07-02 18:42:17, 10Mb
  Файл: /tmp/.font-unix/ddddsdsss_020725/ddddsdsssssssssssss_020725.sd, 2025-07-02 18:42:17, 10Mb
  Файл: /tmp/.font-unix/ddddsdsss_020725/ddddsdsssss_020725.sd, 2025-07-02 18:42:17, 10Mb
  Файл: /tmp/.font-unix/ddddsdsss_020725/dddddsdssss_020725.sd, 2025-07-02 18:42:17, 10Mb
  Файл: /tmp/.font-unix/ddddsdsss_020725/ddddddddddsdssssssss_020725.sd, 2025-07-02 18:42:17, 10Mb
  Файл: /tmp/.font-unix/ddddsdsss_020725/ddddsd_020725.sd, 2025-07-02 18:42:17, 10Mb
  Файл: /tmp/.font-unix/ddddsdsss_020725/ddddddsdssss_020725.sd, 2025-07-02 18:42:17, 10Mb
  Файл: /tmp/.font-unix/ddddsdsss_020725/ddsdss_020725.sd, 2025-07-02 18:42:17, 10Mb
  Файл: /tmp/.font-unix/ddddsdsss_020725/ddddsdsssss_020725.sd, 2025-07-02 18:42:17, 10Mb
  Файл: /tmp/.font-unix/ddddsdsss_020725/ddddddsdsssss_020725.sd, 2025-07-02 18:42:17, 10Mb
  Файл: /tmp/.font-unix/ddddsdsss_020725/ddddddddddddsdsss_020725.sd, 2025-07-02 18:42:17, 10Mb
  Файл: /tmp/.font-unix/ddddsdsss_020725/ddddddddsdsssss_020725.sd, 2025-07-02 18:42:17, 10Mb
  Файл: /tmp/.font-unix/ddddsdsss_020725/dddsdss_020725.sd, 2025-07-02 18:42:17, 10Mb
  Файл: /tmp/.font-unix/ddddsdsss_020725/ddsds_020725.sd, 2025-07-02 18:42:17, 10Mb
  Файл: /tmp/.font-unix/ddddsdsss_020725/ddddddddsdss_020725.sd, 2025-07-02 18:42:17, 10Mb
  Файл: /tmp/.font-unix/ddddsdsss_020725/dddddsdsss_020725.sd, 2025-07-02 18:42:17, 10Mb
  Файл: /tmp/.font-unix/ddddsdsss_020725/sdsssss_020725.sd, 2025-07-02 18:42:17, 10Mb
  Файл: /tmp/.font-unix/ddddsdsss_020725/ddddddddsdsssssssss_020725.sd, 2025-07-02 18:42:17, 10Mb
  Файл: /tmp/.font-unix/ddddsdsss_020725/ddddddddsdsssssssss_020725.sd, 2025-07-02 18:42:17, 10Mb
  Файл: /tmp/.font-unix/ddddsdsss_020725/dddddsdsssssssssssss_020725.sd, 2025-07-02 18:42:18, 10Mb
  Файл: /tmp/.font-unix/ddddsdsss_020725/dddddddsdssssssssss_020725.sd, 2025-07-02 18:42:18, 10Mb
  Файл: /tmp/.font-unix/ddddsdsss_020725/dsdsss_020725.sd, 2025-07-02 18:42:18, 10Mb
  Файл: /tmp/.font-unix/ddddsdsss_020725/dddddddddddsdsssssss_020725.sd, 2025-07-02 18:42:18, 10Mb
  Файл: /tmp/.font-unix/ddddsdsss_020725/dsdssssss_020725.sd, 2025-07-02 18:42:18, 10Mb
  Файл: /tmp/.font-unix/ddddsdsss_020725/ddddddddsdss_020725.sd, 2025-07-02 18:42:18, 10Mb
  Файл: /tmp/.font-unix/ddddsdsss_020725/dddddddddsdsssssssss_020725.sd, 2025-07-02 18:42:18, 10Mb
  Файл: /tmp/.font-unix/ddddsdsss_020725/dddsdssssss_020725.sd, 2025-07-02 18:42:18, 10Mb
  Файл: /tmp/.font-unix/ddddsdsss_020725/dddsdssssss_020725.sd, 2025-07-02 18:42:18, 10Mb
  Файл: /tmp/.font-unix/ddddsdsss_020725/ddddddsdssss_020725.sd, 2025-07-02 18:42:18, 10Mb
  Файл: /tmp/.font-unix/ddddsdsss_020725/ddddddddsdsssss_020725.sd, 2025-07-02 18:42:18, 10Mb
  Файл: /tmp/.font-unix/ddddsdsss_020725/ddddddddsdssss_020725.sd, 2025-07-02 18:42:18, 10Mb
  Файл: /tmp/.font-unix/ddddsdsss_020725/ddddddddsdssssss_020725.sd, 2025-07-02 18:42:18, 10Mb
  Файл: /tmp/.font-unix/ddddsdsss_020725/dddddddddsdssss_020725.sd, 2025-07-02 18:42:18, 10Mb
  Файл: /tmp/.font-unix/ddddsdsss_020725/dddddsdsss_020725.sd, 2025-07-02 18:42:18, 10Mb
  Файл: /tmp/.font-unix/ddddsdsss_020725/dsdsssssssssssss_020725.sd, 2025-07-02 18:42:18, 10Mb
  Файл: /tmp/.font-unix/ddddsdsss_020725/dsdsss_020725.sd, 2025-07-02 18:42:18, 10Mb
  Файл: /tmp/.font-unix/ddddsdsss_020725/dddddsdssssss_020725.sd, 2025-07-02 18:42:18, 10Mb
  Файл: /tmp/.font-unix/ddddsdsss_020725/ddddsdsssssss_020725.sd, 2025-07-02 18:42:18, 10Mb
  Файл: /tmp/.font-unix/ddddsdsss_020725/dddddddddddsdsss_020725.sd, 2025-07-02 18:42:18, 10Mb
  Файл: /tmp/.font-unix/ddddsdsss_020725/dddddddddsdssss_020725.sd, 2025-07-02 18:42:18, 10Mb
  Файл: /tmp/.font-unix/ddddsdsss_020725/dddddddddddsdssssss_020725.sd, 2025-07-02 18:42:18, 10Mb
  Файл: /tmp/.font-unix/ddddsdsss_020725/ddddsdssssss_020725.sd, 2025-07-02 18:42:18, 10Mb
  Файл: /tmp/.font-unix/ddddsdsss_020725/dddddddddsdsss_020725.sd, 2025-07-02 18:42:18, 10Mb
  Файл: /tmp/.font-unix/ddddsdsss_020725/dddddddsdsssssss_020725.sd, 2025-07-02 18:42:18, 10Mb
  Файл: /tmp/.font-unix/ddddsdsss_020725/sdsss_020725.sd, 2025-07-02 18:42:18, 10Mb
  Файл: /tmp/.font-unix/ddddsdsss_020725/ddddddsdsssssssss_020725.sd, 2025-07-02 18:42:18, 10Mb
  Файл: /tmp/.font-unix/ddddsdsss_020725/dddddddddsdsssssssss_020725.sd, 2025-07-02 18:42:18, 10Mb
  Файл: /tmp/.font-unix/ddddsdsss_020725/dddddddsdssssssssss_020725.sd, 2025-07-02 18:42:18, 10Mb
  Файл: /tmp/.font-unix/ddddsdsss_020725/dsdss_020725.sd, 2025-07-02 18:42:18, 10Mb
  Файл: /tmp/.font-unix/ddddsdsss_020725/ddddddddsdsssss_020725.sd, 2025-07-02 18:42:18, 10Mb
  Файл: /tmp/.font-unix/ddddsdsss_020725/sdsss_020725.sd, 2025-07-02 18:42:18, 10Mb
  Файл: /tmp/.font-unix/ddddsdsss_020725/ddddsdssssssssss_020725.sd, 2025-07-02 18:42:18, 10Mb
  Файл: /tmp/.font-unix/ddddsdsss_020725/ddddsdssss_020725.sd, 2025-07-02 18:42:18, 10Mb
  Файл: /tmp/.font-unix/ddddsdsss_020725/ddddddsdssssssssssss_020725.sd, 2025-07-02 18:42:18, 10Mb
  Файл: /tmp/.font-unix/ddddsdsss_020725/ddddddddddsdssss_020725.sd, 2025-07-02 18:42:18, 10Mb
  Файл: /tmp/.font-unix/ddddsdsss_020725/dddddddddsdsssss_020725.sd, 2025-07-02 18:42:18, 10Mb
  Файл: /tmp/.font-unix/ddddsdsss_020725/dddddddddsds_020725.sd, 2025-07-02 18:42:18, 10Mb
  Файл: /tmp/.font-unix/ddddsdsss_020725/dddddsdssss_020725.sd, 2025-07-02 18:42:18, 10Mb
  Файл: /tmp/.font-unix/ddddsdsss_020725/ddddsdsssssss_020725.sd, 2025-07-02 18:42:18, 10Mb
  Файл: /tmp/.font-unix/ddddsdsss_020725/ddddsdsssss_020725.sd, 2025-07-02 18:42:18, 10Mb
  Файл: /tmp/.font-unix/ddddsdsss_020725/ddddddsdssss_020725.sd, 2025-07-02 18:42:18, 10Mb
  Файл: /tmp/.font-unix/ddddsdsss_020725/dddddsdss_020725.sd, 2025-07-02 18:42:18, 10Mb
  Файл: /tmp/.font-unix/ddddsdsss_020725/ddddddsdssssssssss_020725.sd, 2025-07-02 18:42:18, 10Mb
  Файл: /tmp/.font-unix/ddddsdsss_020725/dddddddsdssssssssss_020725.sd, 2025-07-02 18:42:18, 10Mb
  Файл: /tmp/.font-unix/ddddsdsss_020725/ddsdss_020725.sd, 2025-07-02 18:42:18, 10Mb
  Файл: /tmp/.font-unix/ddddsdsss_020725/dddsds_020725.sd, 2025-07-02 18:42:18, 10Mb
  Файл: /tmp/.font-unix/ddddsdsss_020725/ddddddsdssss_020725.sd, 2025-07-02 18:42:18, 10Mb
  Файл: /tmp/.font-unix/ddddsdsss_020725/dddsd_020725.sd, 2025-07-02 18:42:18, 10Mb
  Файл: /tmp/.font-unix/ddddsdsss_020725/dddddsdsssssssssss_020725.sd, 2025-07-02 18:42:18, 10Mb
  Файл: /tmp/.font-unix/ddddsdsss_020725/sdsss_020725.sd, 2025-07-02 18:42:18, 10Mb
  Файл: /tmp/.font-unix/ddddsdsss_020725/ddddddddsdsssssss_020725.sd, 2025-07-02 18:42:18, 10Mb
  Файл: /tmp/.font-unix/ddddsdsss_020725/ddsdsss_020725.sd, 2025-07-02 18:42:18, 10Mb
  Файл: /tmp/.font-unix/ddddsdsss_020725/ddddsdssssssss_020725.sd, 2025-07-02 18:42:18, 10Mb
  Файл: /tmp/.font-unix/ddddsdsss_020725/dddsdsssssssssssss_020725.sd, 2025-07-02 18:42:18, 10Mb
  Файл: /tmp/.font-unix/ddddsdsss_020725/dsdss_020725.sd, 2025-07-02 18:42:18, 10Mb
  Файл: /tmp/.font-unix/ddddsdsss_020725/ddddsdsssssss_020725.sd, 2025-07-02 18:42:18, 10Mb
Папка: /tmp/.font-unix/dddddsdssssssss_020725 2025-07-02 18:42:18
  Файл: /tmp/.font-unix/dddddsdssssssss_020725/ddddddddsdsssss_020725.sd, 2025-07-02 18:42:18, 10Mb
  Файл: /tmp/.font-unix/dddddsdssssssss_020725/dddddsdsssss_020725.sd, 2025-07-02 18:42:18, 10Mb
  Файл: /tmp/.font-unix/dddddsdssssssss_020725/ddddddsdssssss_020725.sd, 2025-07-02 18:42:18, 10Mb
  Файл: /tmp/.font-unix/dddddsdssssssss_020725/dddddddddsdssssss_020725.sd, 2025-07-02 18:42:18, 10Mb
  Файл: /tmp/.font-unix/dddddsdssssssss_020725/ddddddsds_020725.sd, 2025-07-02 18:42:18, 10Mb
  Файл: /tmp/.font-unix/dddddsdssssssss_020725/dddddddddsdsssss_020725.sd, 2025-07-02 18:42:18, 10Mb
  Файл: /tmp/.font-unix/dddddsdssssssss_020725/dddddddsdssssssssss_020725.sd, 2025-07-02 18:42:18, 10Mb
  Файл: /tmp/.font-unix/dddddsdssssssss_020725/dddddsdsssssss_020725.sd, 2025-07-02 18:42:18, 10Mb
  Файл: /tmp/.font-unix/dddddsdssssssss_020725/dddsdssss_020725.sd, 2025-07-02 18:42:18, 10Mb
  Файл: /tmp/.font-unix/dddddsdssssssss_020725/dddddddddsdssssss_020725.sd, 2025-07-02 18:42:18, 10Mb
  Файл: /tmp/.font-unix/dddddsdssssssss_020725/dddddsd_020725.sd, 2025-07-02 18:42:18, 10Mb
  Файл: /tmp/.font-unix/dddddsdssssssss_020725/dddddddsdssssssss_020725.sd, 2025-07-02 18:42:18, 10Mb
  Файл: /tmp/.font-unix/dddddsdssssssss_020725/ddddddddddddsdssssss_020725.sd, 2025-07-02 18:42:18, 10Mb
  Файл: /tmp/.font-unix/dddddsdssssssss_020725/ddddddsdsssssssssss_020725.sd, 2025-07-02 18:42:18, 10Mb
  Файл: /tmp/.font-unix/dddddsdssssssss_020725/dddddddsdsssssss_020725.sd, 2025-07-02 18:42:18, 10Mb
  Файл: /tmp/.font-unix/dddddsdssssssss_020725/dddddsdsssss_020725.sd, 2025-07-02 18:42:18, 10Mb
  Файл: /tmp/.font-unix/dddddsdssssssss_020725/ddddddsdsssssss_020725.sd, 2025-07-02 18:42:18, 10Mb
  Файл: /tmp/.font-unix/dddddsdssssssss_020725/ddddsdsss_020725.sd, 2025-07-02 18:42:18, 10Mb
  Файл: /tmp/.font-unix/dddddsdssssssss_020725/sdsssss_020725.sd, 2025-07-02 18:42:18, 10Mb
  Файл: /tmp/.font-unix/dddddsdssssssss_020725/dddddsdsssssss_020725.sd, 2025-07-02 18:42:18, 10Mb
  Файл: /tmp/.font-unix/dddddsdssssssss_020725/dddddsdssssssss_020725.sd, 2025-07-02 18:42:18, 10Mb
  Файл: /tmp/.font-unix/dddddsdssssssss_020725/ddsdsss_020725.sd, 2025-07-02 18:42:18, 10Mb
  Файл: /tmp/.font-unix/dddddsdssssssss_020725/ddddddddsdssss_020725.sd, 2025-07-02 18:42:18, 10Mb
  Файл: /tmp/.font-unix/dddddsdssssssss_020725/ddddsdssss_020725.sd, 2025-07-02 18:42:18, 10Mb
  Файл: /tmp/.font-unix/dddddsdssssssss_020725/ddsdssssss_020725.sd, 2025-07-02 18:42:18, 10Mb
  Файл: /tmp/.font-unix/dddddsdssssssss_020725/dddddddsdsssss_020725.sd, 2025-07-02 18:42:18, 10Mb
  Файл: /tmp/.font-unix/dddddsdssssssss_020725/dddddsdsssssss_020725.sd, 2025-07-02 18:42:18, 10Mb
  Файл: /tmp/.font-unix/dddddsdssssssss_020725/ddddsdssss_020725.sd, 2025-07-02 18:42:18, 10Mb
  Файл: /tmp/.font-unix/dddddsdssssssss_020725/ddddddsdssssssss_020725.sd, 2025-07-02 18:42:18, 10Mb
  Файл: /tmp/.font-unix/dddddsdssssssss_020725/dddddddddsdsssss_020725.sd, 2025-07-02 18:42:18, 10Mb
  Файл: /tmp/.font-unix/dddddsdssssssss_020725/dddddsdsssssssssss_020725.sd, 2025-07-02 18:42:18, 10Mb
  Файл: /tmp/.font-unix/dddddsdssssssss_020725/ddddddsdssss_020725.sd, 2025-07-02 18:42:18, 10Mb
  Файл: /tmp/.font-unix/dddddsdssssssss_020725/ddddddsdssss_020725.sd, 2025-07-02 18:42:18, 10Mb
  Файл: /tmp/.font-unix/dddddsdssssssss_020725/ddddddsdsss_020725.sd, 2025-07-02 18:42:18, 10Mb
  Файл: /tmp/.font-unix/dddddsdssssssss_020725/dddddddddsdsssss_020725.sd, 2025-07-02 18:42:18, 10Mb
